[20:49:06] [modloading-worker-0/INFO] ========================================
[20:49:06] [modloading-worker-0/INFO] Minecraft: 1.20.1
[20:49:06] [modloading-worker-0/INFO] Side: server
[20:49:06] [modloading-worker-0/INFO] Development: false
[20:49:06] [modloading-worker-0/INFO] Version: 12.1.785
[20:49:06] [modloading-worker-0/INFO] Loader:
[20:49:06] [modloading-worker-0/INFO] - Forge: 47.3.7
[20:49:06] [modloading-worker-0/INFO] Dependencies:
[20:49:06] [modloading-worker-0/INFO] - Cloth Config: 11.1.136
[20:49:06] [modloading-worker-0/INFO] - Architectury: 9.2.14
[20:49:06] [modloading-worker-0/INFO] Mixin: 0.8.5
[20:49:06] [modloading-worker-0/INFO] OS: Linux 6.8.0-1030-azure (amd64)
[20:49:06] [modloading-worker-0/INFO] Java: 17.0.16 (Ubuntu)
[20:49:06] [modloading-worker-0/INFO] ========================================
[20:49:06] [modloading-worker-0/INFO] Mods:
[20:49:06] [modloading-worker-0/INFO] - adorablehamsterpets: 2.3.0-1.20.1+forge
[20:49:06] [modloading-worker-0/INFO] - alexsmobs: 1.22.9
[20:49:06] [modloading-worker-0/INFO] - amendments: 1.20-2.2.1
[20:49:06] [modloading-worker-0/INFO] - animalistic_a: 1.2.2
[20:49:06] [modloading-worker-0/INFO] - architectury: 9.2.14
[20:49:06] [modloading-worker-0/INFO] - artifacts: 9.5.16
[20:49:06] [modloading-worker-0/INFO] - biomesoplenty: 19.0.0.96
[20:49:06] [modloading-worker-0/INFO] - bocchium: 1.20.1-0.0.3
[20:49:06] [modloading-worker-0/INFO] - carryon: 2.1.2.7
[20:49:06] [modloading-worker-0/INFO] - chloride: 1.7.2
[20:49:06] [modloading-worker-0/INFO] - citadel: 2.6.2
[20:49:06] [modloading-worker-0/INFO] - cloth_config: 11.1.136
[20:49:06] [modloading-worker-0/INFO] - corpse: 1.20.1-1.0.21
[20:49:06] [modloading-worker-0/INFO] - cristellib: 1.1.6
[20:49:06] [modloading-worker-0/INFO] - croptopia: 3.0.4
[20:49:06] [modloading-worker-0/INFO] - curios: 5.14.1+1.20.1
[20:49:06] [modloading-worker-0/INFO] - dimthread: 1.2.1
[20:49:06] [modloading-worker-0/INFO] - doapi: 1.2.15
[20:49:06] [modloading-worker-0/INFO] - dungeons_enhanced: 5.4.2
[20:49:06] [modloading-worker-0/INFO] - elysium_api: 1.1.3
[20:49:06] [modloading-worker-0/INFO] - embeddium: 0.3.31+mc1.20.1
[20:49:06] [modloading-worker-0/INFO] - epherolib: 0.1.2
[20:49:06] [modloading-worker-0/INFO] - expandability: 9.0.4
[20:49:06] [modloading-worker-0/INFO] - fallingtree: 4.3.4
[20:49:06] [modloading-worker-0/INFO] - farm_and_charm: 1.0.9
[20:49:06] [modloading-worker-0/INFO] - farmersdelight: 1.20.1-1.2.8
[20:49:06] [modloading-worker-0/INFO] - ferritecore: 6.0.1
[20:49:06] [modloading-worker-0/INFO] - forge: 47.3.7
[20:49:06] [modloading-worker-0/INFO] - fpsreducer: 1.20.1-2.5.1
[20:49:06] [modloading-worker-0/INFO] - framework: 0.7.15
[20:49:06] [modloading-worker-0/INFO] - fzzy_config: 0.7.1+1.20.1+forge
[20:49:06] [modloading-worker-0/INFO] - geckolib: 4.7.2
[20:49:06] [modloading-worker-0/INFO] - glitchcore: 0.0.1.1
[20:49:06] [modloading-worker-0/INFO] - immediatelyfast: 1.2.4+1.20.1
[20:49:06] [modloading-worker-0/INFO] - jade: 11.13.1+forge
[20:49:06] [modloading-worker-0/INFO] - journeymap: 5.10.3
[20:49:06] [modloading-worker-0/INFO] - kotlinforforge: 4.11.0
[20:49:06] [modloading-worker-0/INFO] - memoryleakfix: 1.1.5
[20:49:06] [modloading-worker-0/INFO] - minecraft: 1.20.1
[20:49:06] [modloading-worker-0/INFO] - miners_delight: 1.20.1-1.2.3
[20:49:06] [modloading-worker-0/INFO] - mixinextras: 0.2.0-beta.6
[20:49:06] [modloading-worker-0/INFO] - mixinsquared: 0.1.1
[20:49:06] [modloading-worker-0/INFO] - modernfix: 5.24.4+mc1.20.1
[20:49:06] [modloading-worker-0/INFO] - moonlight: 1.20-2.16.5
[20:49:06] [modloading-worker-0/INFO] - nerb: 0.4.1
[20:49:06] [modloading-worker-0/INFO] - netherexp: 2.3.5
[20:49:06] [modloading-worker-0/INFO] - nethers_exoticism: 1.2.9
[20:49:06] [modloading-worker-0/INFO] - octolib: 0.5.0.1
[20:49:06] [modloading-worker-0/INFO] - radium: 0.12.4+git.26c9d8e
[20:49:06] [modloading-worker-0/INFO] - refurbished_furniture: 1.0.14
[20:49:06] [modloading-worker-0/INFO] - roughlyenoughitems: 12.1.785
[20:49:06] [modloading-worker-0/INFO] - rubidium: 0.7.1
[20:49:06] [modloading-worker-0/INFO] - seeds: 1.1.5
[20:49:06] [modloading-worker-0/INFO] - sophisticatedbackpacks: 3.23.23.1281
[20:49:06] [modloading-worker-0/INFO] - sophisticatedcore: 1.2.75.1033
[20:49:06] [modloading-worker-0/INFO] - structory: 1.3.5
[20:49:06] [modloading-worker-0/INFO] - structure_gel: 2.16.2
[20:49:06] [modloading-worker-0/INFO] - supplementaries: 1.20-3.1.37
[20:49:06] [modloading-worker-0/INFO] - terrablender: 3.0.1.10
[20:49:06] [modloading-worker-0/INFO] - terraform: 7.0.1
[20:49:06] [modloading-worker-0/INFO] - terralith: 2.5.4
[20:49:06] [modloading-worker-0/INFO] ========================================
[20:49:06] [modloading-worker-0/INFO] [REI] Registered plugin provider CoreReiCommonPlugin [sophisticatedcore] for REIPlugin
[20:49:06] [modloading-worker-0/INFO] [REI] Registered plugin provider BackpackReiCommonPlugin [sophisticatedbackpacks] for REIPlugin
[20:49:06] [modloading-worker-0/INFO] [REI] Registered plugin provider DefaultPluginImpl [roughlyenoughitems] for REIServerPlugin
[20:49:06] [modloading-worker-0/INFO] [REI] Registered plugin provider DefaultPluginImpl [roughlyenoughitems] for REIPlugin
[20:49:06] [modloading-worker-0/INFO] [REI] Registered plugin provider DefaultRuntimePlugin [roughlyenoughitems] for REIServerPlugin
[20:49:06] [modloading-worker-0/INFO] [REI] Registered plugin provider DefaultRuntimePlugin [roughlyenoughitems] for REIPlugin
[20:49:06] [modloading-worker-0/INFO] [REI] Registered plugin provider CoreReiCommonPlugin [sophisticatedcore] for REIServerPlugin
[20:49:06] [modloading-worker-0/INFO] [REI] Registered plugin provider BackpackReiCommonPlugin [sophisticatedbackpacks] for REIServerPlugin
[20:49:16] [Worker-Main-1/DEBUG] [REI] Processed 2 tags in 508.2 μs for minecraft:cat_variant
[20:49:16] [Worker-Main-3/DEBUG] [REI] Processed 0 tags in 6.261 μs for minecraft:dimension_type
[20:49:16] [Worker-Main-3/DEBUG] [REI] Processed 13 tags in 98.64 μs for minecraft:banner_pattern
[20:49:16] [Worker-Main-3/DEBUG] [REI] Processed 3 tags in 30.19 μs for minecraft:instrument
[20:49:16] [Worker-Main-3/DEBUG] [REI] Processed 5 tags in 167.5 μs for minecraft:game_event
[20:49:16] [Worker-Main-3/DEBUG] [REI] Processed 0 tags in 6.883 μs for minecraft:worldgen/world_preset
[20:49:16] [Worker-Main-3/DEBUG] [REI] Processed 2 tags in 42.81 μs for minecraft:mob_effect
[20:49:16] [Worker-Main-3/DEBUG] [REI] Processed 1 tags in 7.975 μs for minecraft:potion
[20:49:16] [Worker-Main-3/DEBUG] [REI] Processed 3 tags in 103.9 μs for minecraft:point_of_interest_type
[20:49:16] [Worker-Main-3/DEBUG] [REI] Processed 0 tags in 27.61 μs for minecraft:worldgen/structure
[20:49:16] [Worker-Main-3/DEBUG] [REI] Processed 0 tags in 26.10 μs for minecraft:damage_type
[20:49:16] [Worker-Main-3/DEBUG] [REI] Processed 1 tags in 54.04 μs for minecraft:painting_variant
[20:49:16] [Worker-Main-3/DEBUG] [REI] Processed 0 tags in 5.480 μs for minecraft:worldgen/flat_level_generator_preset
[20:49:16] [Worker-Main-3/DEBUG] [REI] Processed 75 tags in 566.1 μs for minecraft:entity_type
[20:49:16] [Worker-Main-3/DEBUG] [REI] Processed 7 tags in 56.77 μs for minecraft:fluid
[20:49:16] [Worker-Main-3/DEBUG] [REI] Processed 0 tags in 7.974 μs for moonlight:soft_fluids
[20:49:16] [Worker-Main-2/DEBUG] [REI] Processed 524 tags in 4.411 ms for minecraft:block
[20:49:16] [Worker-Main-3/DEBUG] [REI] Processed 0 tags in 115.7 μs for minecraft:worldgen/biome
[20:49:16] [Worker-Main-1/DEBUG] [REI] Processed 1394 tags in 5.257 ms for minecraft:item
[20:49:17] [main/DEBUG] [REI] Starting Reload Plugins of stage null
java.lang.Throwable
	at TRANSFORMER/roughlyenoughitems@12.1.785/me.shedaniel.rei.impl.common.plugins.ReloadManagerImpl.reloadPlugins(ReloadManagerImpl.java:110)
	at TRANSFORMER/roughlyenoughitems@12.1.785/me.shedaniel.rei.RoughlyEnoughItemsCore.lambda$onInitialize$5(RoughlyEnoughItemsCore.java:163)
	at java.base/java.util.concurrent.CompletableFuture$UniRun.tryFire(CompletableFuture.java:787)
	at java.base/java.util.concurrent.CompletableFuture$Completion.run(CompletableFuture.java:482)
	at TRANSFORMER/minecraft@1.20.1/net.minecraft.server.packs.resources.SimpleReloadInstance.m_143940_(SimpleReloadInstance.java:69)
	at TRANSFORMER/minecraft@1.20.1/net.minecraft.Util.m_214652_(Util.java:783)
	at TRANSFORMER/minecraft@1.20.1/net.minecraft.Util.m_214679_(Util.java:772)
	at TRANSFORMER/minecraft@1.20.1/net.minecraft.server.Main.main(Main.java:166)
	at java.base/jdk.internal.reflect.NativeMethodAccessorImpl.invoke0(Native Method)
	at java.base/jdk.internal.reflect.NativeMethodAccessorImpl.invoke(NativeMethodAccessorImpl.java:77)
	at java.base/jdk.internal.reflect.DelegatingMethodAccessorImpl.invoke(DelegatingMethodAccessorImpl.java:43)
	at java.base/java.lang.reflect.Method.invoke(Method.java:569)
	at MC-BOOTSTRAP/fmlloader@1.20.1-47.3.7/net.minecraftforge.fml.loading.targets.CommonLaunchHandler.runTarget(CommonLaunchHandler.java:111)
	at MC-BOOTSTRAP/fmlloader@1.20.1-47.3.7/net.minecraftforge.fml.loading.targets.CommonLaunchHandler.serverService(CommonLaunchHandler.java:103)
	at MC-BOOTSTRAP/fmlloader@1.20.1-47.3.7/net.minecraftforge.fml.loading.targets.CommonServerLaunchHandler.lambda$makeService$0(CommonServerLaunchHandler.java:27)
	at MC-BOOTSTRAP/cpw.mods.modlauncher@10.0.9/cpw.mods.modlauncher.LaunchServiceHandlerDecorator.launch(LaunchServiceHandlerDecorator.java:30)
	at MC-BOOTSTRAP/cpw.mods.modlauncher@10.0.9/cpw.mods.modlauncher.LaunchServiceHandler.launch(LaunchServiceHandler.java:53)
	at MC-BOOTSTRAP/cpw.mods.modlauncher@10.0.9/cpw.mods.modlauncher.LaunchServiceHandler.launch(LaunchServiceHandler.java:71)
	at MC-BOOTSTRAP/cpw.mods.modlauncher@10.0.9/cpw.mods.modlauncher.Launcher.run(Launcher.java:108)
	at MC-BOOTSTRAP/cpw.mods.modlauncher@10.0.9/cpw.mods.modlauncher.Launcher.main(Launcher.java:78)
	at MC-BOOTSTRAP/cpw.mods.modlauncher@10.0.9/cpw.mods.modlauncher.BootstrapLaunchConsumer.accept(BootstrapLaunchConsumer.java:26)
	at MC-BOOTSTRAP/cpw.mods.modlauncher@10.0.9/cpw.mods.modlauncher.BootstrapLaunchConsumer.accept(BootstrapLaunchConsumer.java:23)
	at cpw.mods.bootstraplauncher@1.1.2/cpw.mods.bootstraplauncher.BootstrapLauncher.main(BootstrapLauncher.java:141)
[20:49:17] [main/DEBUG] [REI] ========================================
[20:49:17] [main/DEBUG] [REI] REIPlugin starting pre-reload for START.
[20:49:17] [main/DEBUG] [REI] Reloadables (7):
[20:49:17] [main/DEBUG] [REI]  - EntryTypeRegistryImpl
[20:49:17] [main/DEBUG] [REI]  - EntrySettingsAdapterRegistryImpl
[20:49:17] [main/DEBUG] [REI]  - RecipeManagerContextImpl
[20:49:17] [main/DEBUG] [REI]  - ItemComparatorRegistryImpl
[20:49:17] [main/DEBUG] [REI]  - FluidComparatorRegistryImpl
[20:49:17] [main/DEBUG] [REI]  - DisplaySerializerRegistryImpl
[20:49:17] [main/DEBUG] [REI]  - FluidSupportProviderImpl
[20:49:17] [main/DEBUG] [REI] Plugins (4):
[20:49:17] [main/DEBUG] [REI]  - (-100.00) DefaultPluginImpl of DefaultPluginImpl [roughlyenoughitems]
[20:49:17] [main/DEBUG] [REI]  - (0.00) DefaultRuntimePlugin of DefaultRuntimePlugin [roughlyenoughitems]
[20:49:17] [main/DEBUG] [REI]  - (0.00) BackpackReiCommonPlugin of BackpackReiCommonPlugin [sophisticatedbackpacks]
[20:49:17] [main/DEBUG] [REI]  - (0.00) CoreReiCommonPlugin of CoreReiCommonPlugin [sophisticatedcore]
[20:49:17] [main/DEBUG] [REI] ========================================
[20:49:17] [main/TRACE] [REI] [REIPlugin START] Reloading Section: "pre-register/"
[20:49:17] [main/TRACE] [REI] [REIPlugin START] Reloading Section: "pre-register/DefaultPluginImpl of DefaultPluginImpl [roughlyenoughitems]/"
[20:49:17] [main/TRACE] [REI] [REIPlugin START] Reloading Section: "pre-register/DefaultPluginImpl of DefaultPluginImpl [roughlyenoughitems]/" done in 713.5 μs
[20:49:17] [main/TRACE] [REI] [REIPlugin START] Reloading Section: "pre-register/DefaultRuntimePlugin of DefaultRuntimePlugin [roughlyenoughitems]/"
[20:49:17] [main/TRACE] [REI] [REIPlugin START] Reloading Section: "pre-register/DefaultRuntimePlugin of DefaultRuntimePlugin [roughlyenoughitems]/" done in 77.88 μs
[20:49:17] [main/TRACE] [REI] [REIPlugin START] Reloading Section: "pre-register/BackpackReiCommonPlugin of BackpackReiCommonPlugin [sophisticatedbackpacks]/"
[20:49:17] [main/TRACE] [REI] [REIPlugin START] Reloading Section: "pre-register/BackpackReiCommonPlugin of BackpackReiCommonPlugin [sophisticatedbackpacks]/" done in 88.38 μs
[20:49:17] [main/TRACE] [REI] [REIPlugin START] Reloading Section: "pre-register/CoreReiCommonPlugin of CoreReiCommonPlugin [sophisticatedcore]/"
[20:49:17] [main/TRACE] [REI] [REIPlugin START] Reloading Section: "pre-register/CoreReiCommonPlugin of CoreReiCommonPlugin [sophisticatedcore]/" done in 55.83 μs
[20:49:17] [main/TRACE] [REI] [REIPlugin START] Reloading Section: "pre-register/" done in 10.30 ms
[20:49:17] [main/TRACE] [REI] [REIPlugin START] Reloading Section: "pre-stage/"
[20:49:17] [main/TRACE] [REI] [REIPlugin START] Reloading Section: "pre-stage/EntryTypeRegistryImpl/"
[20:49:17] [main/TRACE] [REI] [REIPlugin START] Reloading Section: "pre-stage/EntryTypeRegistryImpl/" done in 262.5 μs
[20:49:17] [main/TRACE] [REI] [REIPlugin START] Reloading Section: "pre-stage/EntrySettingsAdapterRegistryImpl/"
[20:49:17] [main/TRACE] [REI] [REIPlugin START] Reloading Section: "pre-stage/EntrySettingsAdapterRegistryImpl/" done in 53.74 μs
[20:49:17] [main/TRACE] [REI] [REIPlugin START] Reloading Section: "pre-stage/RecipeManagerContextImpl/"
[20:49:17] [main/TRACE] [REI] [REIPlugin START] Reloading Section: "pre-stage/RecipeManagerContextImpl/" done in 68.24 μs
[20:49:17] [main/TRACE] [REI] [REIPlugin START] Reloading Section: "pre-stage/ItemComparatorRegistryImpl/"
[20:49:17] [main/TRACE] [REI] [REIPlugin START] Reloading Section: "pre-stage/ItemComparatorRegistryImpl/" done in 59.96 μs
[20:49:17] [main/TRACE] [REI] [REIPlugin START] Reloading Section: "pre-stage/FluidComparatorRegistryImpl/"
[20:49:17] [main/TRACE] [REI] [REIPlugin START] Reloading Section: "pre-stage/FluidComparatorRegistryImpl/" done in 60.07 μs
[20:49:17] [main/TRACE] [REI] [REIPlugin START] Reloading Section: "pre-stage/DisplaySerializerRegistryImpl/"
[20:49:17] [main/TRACE] [REI] [REIPlugin START] Reloading Section: "pre-stage/DisplaySerializerRegistryImpl/" done in 69.42 μs
[20:49:17] [main/TRACE] [REI] [REIPlugin START] Reloading Section: "pre-stage/FluidSupportProviderImpl/"
[20:49:17] [main/TRACE] [REI] [REIPlugin START] Reloading Section: "pre-stage/FluidSupportProviderImpl/" done in 59.21 μs
[20:49:17] [main/TRACE] [REI] [REIPlugin START] Reloading Section: "pre-stage/" done in 1.561 ms
[20:49:17] [main/DEBUG] [REI] ========================================
[20:49:17] [main/DEBUG] [REI] REIPlugin finished pre-reload for START in 12.37 ms.
[20:49:17] [main/DEBUG] [REI] ========================================
[20:49:17] [main/DEBUG] [REI] ========================================
[20:49:17] [main/DEBUG] [REI] REIServerPlugin starting pre-reload for START.
[20:49:17] [main/DEBUG] [REI] Reloadables (2):
[20:49:17] [main/DEBUG] [REI]  - MenuInfoRegistryImpl
[20:49:17] [main/DEBUG] [REI]  - SlotAccessorRegistryImpl
[20:49:17] [main/DEBUG] [REI] Plugins (4):
[20:49:17] [main/DEBUG] [REI]  - (-100.00) DefaultPluginImpl of DefaultPluginImpl [roughlyenoughitems]
[20:49:17] [main/DEBUG] [REI]  - (0.00) BackpackReiCommonPlugin of BackpackReiCommonPlugin [sophisticatedbackpacks]
[20:49:17] [main/DEBUG] [REI]  - (0.00) CoreReiCommonPlugin of CoreReiCommonPlugin [sophisticatedcore]
[20:49:17] [main/DEBUG] [REI]  - (0.00) DefaultRuntimePlugin of DefaultRuntimePlugin [roughlyenoughitems]
[20:49:17] [main/DEBUG] [REI] ========================================
[20:49:17] [main/TRACE] [REI] [REIServerPlugin START] Reloading Section: "pre-register/"
[20:49:17] [main/TRACE] [REI] [REIServerPlugin START] Reloading Section: "pre-register/DefaultPluginImpl of DefaultPluginImpl [roughlyenoughitems]/"
[20:49:17] [main/TRACE] [REI] [REIServerPlugin START] Reloading Section: "pre-register/DefaultPluginImpl of DefaultPluginImpl [roughlyenoughitems]/" done in 45.68 μs
[20:49:17] [main/TRACE] [REI] [REIServerPlugin START] Reloading Section: "pre-register/BackpackReiCommonPlugin of BackpackReiCommonPlugin [sophisticatedbackpacks]/"
[20:49:17] [main/TRACE] [REI] [REIServerPlugin START] Reloading Section: "pre-register/BackpackReiCommonPlugin of BackpackReiCommonPlugin [sophisticatedbackpacks]/" done in 46.87 μs
[20:49:17] [main/TRACE] [REI] [REIServerPlugin START] Reloading Section: "pre-register/CoreReiCommonPlugin of CoreReiCommonPlugin [sophisticatedcore]/"
[20:49:17] [main/TRACE] [REI] [REIServerPlugin START] Reloading Section: "pre-register/CoreReiCommonPlugin of CoreReiCommonPlugin [sophisticatedcore]/" done in 73.85 μs
[20:49:17] [main/TRACE] [REI] [REIServerPlugin START] Reloading Section: "pre-register/DefaultRuntimePlugin of DefaultRuntimePlugin [roughlyenoughitems]/"
[20:49:17] [main/TRACE] [REI] [REIServerPlugin START] Reloading Section: "pre-register/DefaultRuntimePlugin of DefaultRuntimePlugin [roughlyenoughitems]/" done in 49.52 μs
[20:49:17] [main/TRACE] [REI] [REIServerPlugin START] Reloading Section: "pre-register/" done in 719.3 μs
[20:49:17] [main/TRACE] [REI] [REIServerPlugin START] Reloading Section: "pre-stage/"
[20:49:17] [main/TRACE] [REI] [REIServerPlugin START] Reloading Section: "pre-stage/MenuInfoRegistryImpl/"
[20:49:17] [main/TRACE] [REI] [REIServerPlugin START] Reloading Section: "pre-stage/MenuInfoRegistryImpl/" done in 38.99 μs
[20:49:17] [main/TRACE] [REI] [REIServerPlugin START] Reloading Section: "pre-stage/SlotAccessorRegistryImpl/"
[20:49:17] [main/TRACE] [REI] [REIServerPlugin START] Reloading Section: "pre-stage/SlotAccessorRegistryImpl/" done in 47.70 μs
[20:49:17] [main/TRACE] [REI] [REIServerPlugin START] Reloading Section: "pre-stage/" done in 335.8 μs
[20:49:17] [main/DEBUG] [REI] ========================================
[20:49:17] [main/DEBUG] [REI] REIServerPlugin finished pre-reload for START in 1.252 ms.
[20:49:17] [main/DEBUG] [REI] ========================================
[20:49:17] [main/INFO] [REI] ****************************************
[20:49:17] [main/INFO] [REI] REIPlugin starting main-reload for START.
[20:49:17] [main/DEBUG] [REI] Reloadables (7):
[20:49:17] [main/DEBUG] [REI]  - EntryTypeRegistryImpl
[20:49:17] [main/DEBUG] [REI]  - EntrySettingsAdapterRegistryImpl
[20:49:17] [main/DEBUG] [REI]  - RecipeManagerContextImpl
[20:49:17] [main/DEBUG] [REI]  - ItemComparatorRegistryImpl
[20:49:17] [main/DEBUG] [REI]  - FluidComparatorRegistryImpl
[20:49:17] [main/DEBUG] [REI]  - DisplaySerializerRegistryImpl
[20:49:17] [main/DEBUG] [REI]  - FluidSupportProviderImpl
[20:49:17] [main/INFO] [REI] Plugins (4):
[20:49:17] [main/INFO] [REI]  - (-100.00) DefaultPluginImpl of DefaultPluginImpl [roughlyenoughitems]
[20:49:17] [main/INFO] [REI]  - (0.00) DefaultRuntimePlugin of DefaultRuntimePlugin [roughlyenoughitems]
[20:49:17] [main/INFO] [REI]  - (0.00) BackpackReiCommonPlugin of BackpackReiCommonPlugin [sophisticatedbackpacks]
[20:49:17] [main/INFO] [REI]  - (0.00) CoreReiCommonPlugin of CoreReiCommonPlugin [sophisticatedcore]
[20:49:17] [main/INFO] [REI] ****************************************
[20:49:17] [main/TRACE] [REI] [REIPlugin START] Reloading Section: "start-reload/"
[20:49:17] [main/TRACE] [REI] [REIPlugin START] Reloading Section: "start-reload/EntryTypeRegistryImpl/"
[20:49:17] [main/TRACE] [REI] [REIPlugin START] Reloading Section: "start-reload/EntryTypeRegistryImpl/" done in 64.81 μs
[20:49:17] [main/TRACE] [REI] [REIPlugin START] Reloading Section: "start-reload/EntrySettingsAdapterRegistryImpl/"
[20:49:17] [main/TRACE] [REI] [REIPlugin START] Reloading Section: "start-reload/EntrySettingsAdapterRegistryImpl/" done in 39.19 μs
[20:49:17] [main/TRACE] [REI] [REIPlugin START] Reloading Section: "start-reload/RecipeManagerContextImpl/"
[20:49:17] [main/TRACE] [REI] [REIPlugin START] Reloading Section: "start-reload/RecipeManagerContextImpl/" done in 43.43 μs
[20:49:17] [main/TRACE] [REI] [REIPlugin START] Reloading Section: "start-reload/ItemComparatorRegistryImpl/"
[20:49:17] [main/TRACE] [REI] [REIPlugin START] Reloading Section: "start-reload/ItemComparatorRegistryImpl/" done in 56.21 μs
[20:49:17] [main/TRACE] [REI] [REIPlugin START] Reloading Section: "start-reload/FluidComparatorRegistryImpl/"
[20:49:17] [main/TRACE] [REI] [REIPlugin START] Reloading Section: "start-reload/FluidComparatorRegistryImpl/" done in 62.14 μs
[20:49:17] [main/TRACE] [REI] [REIPlugin START] Reloading Section: "start-reload/DisplaySerializerRegistryImpl/"
[20:49:17] [main/TRACE] [REI] [REIPlugin START] Reloading Section: "start-reload/DisplaySerializerRegistryImpl/" done in 50.33 μs
[20:49:17] [main/TRACE] [REI] [REIPlugin START] Reloading Section: "start-reload/FluidSupportProviderImpl/"
[20:49:17] [main/TRACE] [REI] [REIPlugin START] Reloading Section: "start-reload/FluidSupportProviderImpl/" done in 79.61 μs
[20:49:17] [main/TRACE] [REI] [REIPlugin START] Reloading Section: "start-reload/" done in 1.139 ms
[20:49:17] [main/DEBUG] [REI] ========================================
[20:49:17] [main/DEBUG] [REI] REIPlugin started main-reload for START.
[20:49:17] [main/DEBUG] [REI] ========================================
[20:49:17] [main/TRACE] [REI] [REIPlugin START] Reloading Section: "reloadable-plugin/EntryTypeRegistryImpl/"
[20:49:17] [main/TRACE] [REI] [REIPlugin START] Reloading Section: "reloadable-plugin/EntryTypeRegistryImpl/DefaultPluginImpl of DefaultPluginImpl [roughlyenoughitems]/"
[20:49:17] [main/TRACE] [REI] [REIPlugin START] Reloading Section: "reloadable-plugin/EntryTypeRegistryImpl/DefaultPluginImpl of DefaultPluginImpl [roughlyenoughitems]/" done in 238.9 μs
[20:49:17] [main/TRACE] [REI] [REIPlugin START] Reloading Section: "reloadable-plugin/EntryTypeRegistryImpl/DefaultRuntimePlugin of DefaultRuntimePlugin [roughlyenoughitems]/"
[20:49:17] [main/TRACE] [REI] [REIPlugin START] Reloading Section: "reloadable-plugin/EntryTypeRegistryImpl/DefaultRuntimePlugin of DefaultRuntimePlugin [roughlyenoughitems]/" done in 6.265 ms
[20:49:17] [main/TRACE] [REI] [REIPlugin START] Reloading Section: "reloadable-plugin/EntryTypeRegistryImpl/BackpackReiCommonPlugin of BackpackReiCommonPlugin [sophisticatedbackpacks]/"
[20:49:17] [main/TRACE] [REI] [REIPlugin START] Reloading Section: "reloadable-plugin/EntryTypeRegistryImpl/BackpackReiCommonPlugin of BackpackReiCommonPlugin [sophisticatedbackpacks]/" done in 74.87 μs
[20:49:17] [main/TRACE] [REI] [REIPlugin START] Reloading Section: "reloadable-plugin/EntryTypeRegistryImpl/CoreReiCommonPlugin of CoreReiCommonPlugin [sophisticatedcore]/"
[20:49:17] [main/TRACE] [REI] [REIPlugin START] Reloading Section: "reloadable-plugin/EntryTypeRegistryImpl/CoreReiCommonPlugin of CoreReiCommonPlugin [sophisticatedcore]/" done in 58.42 μs
[20:49:17] [main/TRACE] [REI] [REIPlugin START] Reloading Section: "reloadable-plugin/EntryTypeRegistryImpl/" done in 7.642 ms
[20:49:17] [main/TRACE] [REI] [REIPlugin START] Reloading Section: "reloadable-plugin/EntrySettingsAdapterRegistryImpl/"
[20:49:17] [main/TRACE] [REI] [REIPlugin START] Reloading Section: "reloadable-plugin/EntrySettingsAdapterRegistryImpl/DefaultPluginImpl of DefaultPluginImpl [roughlyenoughitems]/"
[20:49:17] [main/TRACE] [REI] [REIPlugin START] Reloading Section: "reloadable-plugin/EntrySettingsAdapterRegistryImpl/DefaultPluginImpl of DefaultPluginImpl [roughlyenoughitems]/" done in 70.18 μs
[20:49:17] [main/TRACE] [REI] [REIPlugin START] Reloading Section: "reloadable-plugin/EntrySettingsAdapterRegistryImpl/DefaultRuntimePlugin of DefaultRuntimePlugin [roughlyenoughitems]/"
[20:49:17] [main/TRACE] [REI] [REIPlugin START] Reloading Section: "reloadable-plugin/EntrySettingsAdapterRegistryImpl/DefaultRuntimePlugin of DefaultRuntimePlugin [roughlyenoughitems]/" done in 63.63 μs
[20:49:17] [main/TRACE] [REI] [REIPlugin START] Reloading Section: "reloadable-plugin/EntrySettingsAdapterRegistryImpl/BackpackReiCommonPlugin of BackpackReiCommonPlugin [sophisticatedbackpacks]/"
[20:49:17] [main/TRACE] [REI] [REIPlugin START] Reloading Section: "reloadable-plugin/EntrySettingsAdapterRegistryImpl/BackpackReiCommonPlugin of BackpackReiCommonPlugin [sophisticatedbackpacks]/" done in 52.73 μs
[20:49:17] [main/TRACE] [REI] [REIPlugin START] Reloading Section: "reloadable-plugin/EntrySettingsAdapterRegistryImpl/CoreReiCommonPlugin of CoreReiCommonPlugin [sophisticatedcore]/"
[20:49:17] [main/TRACE] [REI] [REIPlugin START] Reloading Section: "reloadable-plugin/EntrySettingsAdapterRegistryImpl/CoreReiCommonPlugin of CoreReiCommonPlugin [sophisticatedcore]/" done in 61.90 μs
[20:49:17] [main/TRACE] [REI] [REIPlugin START] Reloading Section: "reloadable-plugin/EntrySettingsAdapterRegistryImpl/" done in 782.6 μs
[20:49:17] [main/TRACE] [REI] [REIPlugin START] Reloading Section: "reloadable-plugin/RecipeManagerContextImpl/"
[20:49:17] [main/TRACE] [REI] [REIPlugin START] Reloading Section: "reloadable-plugin/RecipeManagerContextImpl/DefaultPluginImpl of DefaultPluginImpl [roughlyenoughitems]/"
[20:49:17] [main/TRACE] [REI] [REIPlugin START] Reloading Section: "reloadable-plugin/RecipeManagerContextImpl/DefaultPluginImpl of DefaultPluginImpl [roughlyenoughitems]/" done in 42.47 μs
[20:49:17] [main/TRACE] [REI] [REIPlugin START] Reloading Section: "reloadable-plugin/RecipeManagerContextImpl/DefaultRuntimePlugin of DefaultRuntimePlugin [roughlyenoughitems]/"
[20:49:17] [main/TRACE] [REI] [REIPlugin START] Reloading Section: "reloadable-plugin/RecipeManagerContextImpl/DefaultRuntimePlugin of DefaultRuntimePlugin [roughlyenoughitems]/" done in 53.33 μs
[20:49:17] [main/TRACE] [REI] [REIPlugin START] Reloading Section: "reloadable-plugin/RecipeManagerContextImpl/BackpackReiCommonPlugin of BackpackReiCommonPlugin [sophisticatedbackpacks]/"
[20:49:17] [main/TRACE] [REI] [REIPlugin START] Reloading Section: "reloadable-plugin/RecipeManagerContextImpl/BackpackReiCommonPlugin of BackpackReiCommonPlugin [sophisticatedbackpacks]/" done in 45.63 μs
[20:49:17] [main/TRACE] [REI] [REIPlugin START] Reloading Section: "reloadable-plugin/RecipeManagerContextImpl/CoreReiCommonPlugin of CoreReiCommonPlugin [sophisticatedcore]/"
[20:49:17] [main/TRACE] [REI] [REIPlugin START] Reloading Section: "reloadable-plugin/RecipeManagerContextImpl/CoreReiCommonPlugin of CoreReiCommonPlugin [sophisticatedcore]/" done in 49.68 μs
[20:49:17] [main/TRACE] [REI] [REIPlugin START] Reloading Section: "reloadable-plugin/RecipeManagerContextImpl/" done in 701.6 μs
[20:49:17] [main/TRACE] [REI] [REIPlugin START] Reloading Section: "reloadable-plugin/ItemComparatorRegistryImpl/"
[20:49:17] [main/TRACE] [REI] [REIPlugin START] Reloading Section: "reloadable-plugin/ItemComparatorRegistryImpl/DefaultPluginImpl of DefaultPluginImpl [roughlyenoughitems]/"
[20:49:17] [main/TRACE] [REI] [REIPlugin START] Reloading Section: "reloadable-plugin/ItemComparatorRegistryImpl/DefaultPluginImpl of DefaultPluginImpl [roughlyenoughitems]/" done in 1.067 ms
[20:49:17] [main/TRACE] [REI] [REIPlugin START] Reloading Section: "reloadable-plugin/ItemComparatorRegistryImpl/DefaultRuntimePlugin of DefaultRuntimePlugin [roughlyenoughitems]/"
[20:49:17] [main/TRACE] [REI] [REIPlugin START] Reloading Section: "reloadable-plugin/ItemComparatorRegistryImpl/DefaultRuntimePlugin of DefaultRuntimePlugin [roughlyenoughitems]/" done in 73.31 μs
[20:49:17] [main/TRACE] [REI] [REIPlugin START] Reloading Section: "reloadable-plugin/ItemComparatorRegistryImpl/BackpackReiCommonPlugin of BackpackReiCommonPlugin [sophisticatedbackpacks]/"
[20:49:17] [main/TRACE] [REI] [REIPlugin START] Reloading Section: "reloadable-plugin/ItemComparatorRegistryImpl/BackpackReiCommonPlugin of BackpackReiCommonPlugin [sophisticatedbackpacks]/" done in 3.465 ms
[20:49:17] [main/TRACE] [REI] [REIPlugin START] Reloading Section: "reloadable-plugin/ItemComparatorRegistryImpl/CoreReiCommonPlugin of CoreReiCommonPlugin [sophisticatedcore]/"
[20:49:17] [main/TRACE] [REI] [REIPlugin START] Reloading Section: "reloadable-plugin/ItemComparatorRegistryImpl/CoreReiCommonPlugin of CoreReiCommonPlugin [sophisticatedcore]/" done in 67.98 μs
[20:49:17] [main/TRACE] [REI] [REIPlugin START] Reloading Section: "reloadable-plugin/ItemComparatorRegistryImpl/" done in 5.401 ms
[20:49:17] [main/TRACE] [REI] [REIPlugin START] Reloading Section: "reloadable-plugin/FluidComparatorRegistryImpl/"
[20:49:17] [main/TRACE] [REI] [REIPlugin START] Reloading Section: "reloadable-plugin/FluidComparatorRegistryImpl/DefaultPluginImpl of DefaultPluginImpl [roughlyenoughitems]/"
[20:49:17] [main/TRACE] [REI] [REIPlugin START] Reloading Section: "reloadable-plugin/FluidComparatorRegistryImpl/DefaultPluginImpl of DefaultPluginImpl [roughlyenoughitems]/" done in 132.6 μs
[20:49:17] [main/TRACE] [REI] [REIPlugin START] Reloading Section: "reloadable-plugin/FluidComparatorRegistryImpl/DefaultRuntimePlugin of DefaultRuntimePlugin [roughlyenoughitems]/"
[20:49:17] [main/TRACE] [REI] [REIPlugin START] Reloading Section: "reloadable-plugin/FluidComparatorRegistryImpl/DefaultRuntimePlugin of DefaultRuntimePlugin [roughlyenoughitems]/" done in 64.20 μs
[20:49:17] [main/TRACE] [REI] [REIPlugin START] Reloading Section: "reloadable-plugin/FluidComparatorRegistryImpl/BackpackReiCommonPlugin of BackpackReiCommonPlugin [sophisticatedbackpacks]/"
[20:49:17] [main/TRACE] [REI] [REIPlugin START] Reloading Section: "reloadable-plugin/FluidComparatorRegistryImpl/BackpackReiCommonPlugin of BackpackReiCommonPlugin [sophisticatedbackpacks]/" done in 53.83 μs
[20:49:17] [main/TRACE] [REI] [REIPlugin START] Reloading Section: "reloadable-plugin/FluidComparatorRegistryImpl/CoreReiCommonPlugin of CoreReiCommonPlugin [sophisticatedcore]/"
[20:49:17] [main/TRACE] [REI] [REIPlugin START] Reloading Section: "reloadable-plugin/FluidComparatorRegistryImpl/CoreReiCommonPlugin of CoreReiCommonPlugin [sophisticatedcore]/" done in 55.20 μs
[20:49:17] [main/TRACE] [REI] [REIPlugin START] Reloading Section: "reloadable-plugin/FluidComparatorRegistryImpl/" done in 847.9 μs
[20:49:17] [main/TRACE] [REI] [REIPlugin START] Reloading Section: "reloadable-plugin/DisplaySerializerRegistryImpl/"
[20:49:17] [main/TRACE] [REI] [REIPlugin START] Reloading Section: "reloadable-plugin/DisplaySerializerRegistryImpl/DefaultPluginImpl of DefaultPluginImpl [roughlyenoughitems]/"
[20:49:17] [main/TRACE] [REI] [REIPlugin START] Reloading Section: "reloadable-plugin/DisplaySerializerRegistryImpl/DefaultPluginImpl of DefaultPluginImpl [roughlyenoughitems]/" done in 61.34 μs
[20:49:17] [main/TRACE] [REI] [REIPlugin START] Reloading Section: "reloadable-plugin/DisplaySerializerRegistryImpl/DefaultRuntimePlugin of DefaultRuntimePlugin [roughlyenoughitems]/"
[20:49:17] [main/TRACE] [REI] [REIPlugin START] Reloading Section: "reloadable-plugin/DisplaySerializerRegistryImpl/DefaultRuntimePlugin of DefaultRuntimePlugin [roughlyenoughitems]/" done in 58.81 μs
[20:49:17] [main/TRACE] [REI] [REIPlugin START] Reloading Section: "reloadable-plugin/DisplaySerializerRegistryImpl/BackpackReiCommonPlugin of BackpackReiCommonPlugin [sophisticatedbackpacks]/"
[20:49:17] [main/TRACE] [REI] [REIPlugin START] Reloading Section: "reloadable-plugin/DisplaySerializerRegistryImpl/BackpackReiCommonPlugin of BackpackReiCommonPlugin [sophisticatedbackpacks]/" done in 52.75 μs
[20:49:17] [main/TRACE] [REI] [REIPlugin START] Reloading Section: "reloadable-plugin/DisplaySerializerRegistryImpl/CoreReiCommonPlugin of CoreReiCommonPlugin [sophisticatedcore]/"
[20:49:17] [main/TRACE] [REI] [REIPlugin START] Reloading Section: "reloadable-plugin/DisplaySerializerRegistryImpl/CoreReiCommonPlugin of CoreReiCommonPlugin [sophisticatedcore]/" done in 60.09 μs
[20:49:17] [main/TRACE] [REI] [REIPlugin START] Reloading Section: "reloadable-plugin/DisplaySerializerRegistryImpl/" done in 703.9 μs
[20:49:17] [main/TRACE] [REI] [REIPlugin START] Reloading Section: "reloadable-plugin/FluidSupportProviderImpl/"
[20:49:17] [main/TRACE] [REI] [REIPlugin START] Reloading Section: "reloadable-plugin/FluidSupportProviderImpl/DefaultPluginImpl of DefaultPluginImpl [roughlyenoughitems]/"
[20:49:17] [main/TRACE] [REI] [REIPlugin START] Reloading Section: "reloadable-plugin/FluidSupportProviderImpl/DefaultPluginImpl of DefaultPluginImpl [roughlyenoughitems]/" done in 532.9 μs
[20:49:17] [main/TRACE] [REI] [REIPlugin START] Reloading Section: "reloadable-plugin/FluidSupportProviderImpl/DefaultRuntimePlugin of DefaultRuntimePlugin [roughlyenoughitems]/"
[20:49:17] [main/TRACE] [REI] [REIPlugin START] Reloading Section: "reloadable-plugin/FluidSupportProviderImpl/DefaultRuntimePlugin of DefaultRuntimePlugin [roughlyenoughitems]/" done in 68.61 μs
[20:49:17] [main/TRACE] [REI] [REIPlugin START] Reloading Section: "reloadable-plugin/FluidSupportProviderImpl/BackpackReiCommonPlugin of BackpackReiCommonPlugin [sophisticatedbackpacks]/"
[20:49:17] [main/TRACE] [REI] [REIPlugin START] Reloading Section: "reloadable-plugin/FluidSupportProviderImpl/BackpackReiCommonPlugin of BackpackReiCommonPlugin [sophisticatedbackpacks]/" done in 56.59 μs
[20:49:17] [main/TRACE] [REI] [REIPlugin START] Reloading Section: "reloadable-plugin/FluidSupportProviderImpl/CoreReiCommonPlugin of CoreReiCommonPlugin [sophisticatedcore]/"
[20:49:17] [main/TRACE] [REI] [REIPlugin START] Reloading Section: "reloadable-plugin/FluidSupportProviderImpl/CoreReiCommonPlugin of CoreReiCommonPlugin [sophisticatedcore]/" done in 56.33 μs
[20:49:17] [main/TRACE] [REI] [REIPlugin START] Reloading Section: "reloadable-plugin/FluidSupportProviderImpl/" done in 1.152 ms
[20:49:17] [main/DEBUG] [REI] ========================================
[20:49:17] [main/DEBUG] [REI] REIPlugin ending main-reload for START.
[20:49:17] [main/DEBUG] [REI] ========================================
[20:49:17] [main/TRACE] [REI] [REIPlugin START] Reloading Section: "end-reload/"
[20:49:17] [main/TRACE] [REI] [REIPlugin START] Reloading Section: "end-reload/EntryTypeRegistryImpl/"
[20:49:17] [main/TRACE] [REI] [REIPlugin START] Reloading Section: "end-reload/EntryTypeRegistryImpl/" done in 57.71 μs
[20:49:17] [main/TRACE] [REI] [REIPlugin START] Reloading Section: "end-reload/EntrySettingsAdapterRegistryImpl/"
[20:49:17] [main/TRACE] [REI] [REIPlugin START] Reloading Section: "end-reload/EntrySettingsAdapterRegistryImpl/" done in 49.22 μs
[20:49:17] [main/TRACE] [REI] [REIPlugin START] Reloading Section: "end-reload/RecipeManagerContextImpl/"
[20:49:17] [main/TRACE] [REI] [REIPlugin START] Reloading Section: "end-reload/RecipeManagerContextImpl/" done in 46.17 μs
[20:49:17] [main/TRACE] [REI] [REIPlugin START] Reloading Section: "end-reload/ItemComparatorRegistryImpl/"
[20:49:17] [main/TRACE] [REI] [REIPlugin START] Reloading Section: "end-reload/ItemComparatorRegistryImpl/" done in 47.68 μs
[20:49:17] [main/TRACE] [REI] [REIPlugin START] Reloading Section: "end-reload/FluidComparatorRegistryImpl/"
[20:49:17] [main/TRACE] [REI] [REIPlugin START] Reloading Section: "end-reload/FluidComparatorRegistryImpl/" done in 51.54 μs
[20:49:17] [main/TRACE] [REI] [REIPlugin START] Reloading Section: "end-reload/DisplaySerializerRegistryImpl/"
[20:49:17] [main/TRACE] [REI] [REIPlugin START] Reloading Section: "end-reload/DisplaySerializerRegistryImpl/" done in 41.65 μs
[20:49:17] [main/TRACE] [REI] [REIPlugin START] Reloading Section: "end-reload/FluidSupportProviderImpl/"
[20:49:17] [main/TRACE] [REI] [REIPlugin START] Reloading Section: "end-reload/FluidSupportProviderImpl/" done in 50.94 μs
[20:49:17] [main/TRACE] [REI] [REIPlugin START] Reloading Section: "end-reload/" done in 1.019 ms
[20:49:17] [main/DEBUG] [REI] ========================================
[20:49:17] [main/DEBUG] [REI] REIPlugin ended main-reload for START in 23.34 ms.
[20:49:17] [main/DEBUG] [REI] ========================================
[20:49:17] [main/INFO] [REI] ++++++++++++++++++++++++++++++++++++++++
[20:49:17] [main/INFO] [REI] REIServerPlugin starting main-reload for START.
[20:49:17] [main/DEBUG] [REI] Reloadables (2):
[20:49:17] [main/DEBUG] [REI]  - MenuInfoRegistryImpl
[20:49:17] [main/DEBUG] [REI]  - SlotAccessorRegistryImpl
[20:49:17] [main/INFO] [REI] Plugins (4):
[20:49:17] [main/INFO] [REI]  - (-100.00) DefaultPluginImpl of DefaultPluginImpl [roughlyenoughitems]
[20:49:17] [main/INFO] [REI]  - (0.00) BackpackReiCommonPlugin of BackpackReiCommonPlugin [sophisticatedbackpacks]
[20:49:17] [main/INFO] [REI]  - (0.00) CoreReiCommonPlugin of CoreReiCommonPlugin [sophisticatedcore]
[20:49:17] [main/INFO] [REI]  - (0.00) DefaultRuntimePlugin of DefaultRuntimePlugin [roughlyenoughitems]
[20:49:17] [main/INFO] [REI] ++++++++++++++++++++++++++++++++++++++++
[20:49:17] [main/TRACE] [REI] [REIServerPlugin START] Reloading Section: "start-reload/"
[20:49:17] [main/TRACE] [REI] [REIServerPlugin START] Reloading Section: "start-reload/MenuInfoRegistryImpl/"
[20:49:17] [main/TRACE] [REI] [REIServerPlugin START] Reloading Section: "start-reload/MenuInfoRegistryImpl/" done in 55.21 μs
[20:49:17] [main/TRACE] [REI] [REIServerPlugin START] Reloading Section: "start-reload/SlotAccessorRegistryImpl/"
[20:49:17] [main/TRACE] [REI] [REIServerPlugin START] Reloading Section: "start-reload/SlotAccessorRegistryImpl/" done in 46.07 μs
[20:49:17] [main/TRACE] [REI] [REIServerPlugin START] Reloading Section: "start-reload/" done in 361.0 μs
[20:49:17] [main/DEBUG] [REI] ========================================
[20:49:17] [main/DEBUG] [REI] REIServerPlugin started main-reload for START.
[20:49:17] [main/DEBUG] [REI] ========================================
[20:49:17] [main/TRACE] [REI] [REIServerPlugin START] Reloading Section: "reloadable-plugin/MenuInfoRegistryImpl/"
[20:49:17] [main/TRACE] [REI] [REIServerPlugin START] Reloading Section: "reloadable-plugin/MenuInfoRegistryImpl/DefaultPluginImpl of DefaultPluginImpl [roughlyenoughitems]/"
[20:49:17] [main/TRACE] [REI] [REIServerPlugin START] Reloading Section: "reloadable-plugin/MenuInfoRegistryImpl/DefaultPluginImpl of DefaultPluginImpl [roughlyenoughitems]/" done in 38.63 μs
[20:49:17] [main/TRACE] [REI] [REIServerPlugin START] Reloading Section: "reloadable-plugin/MenuInfoRegistryImpl/BackpackReiCommonPlugin of BackpackReiCommonPlugin [sophisticatedbackpacks]/"
[20:49:17] [main/TRACE] [REI] [REIServerPlugin START] Reloading Section: "reloadable-plugin/MenuInfoRegistryImpl/BackpackReiCommonPlugin of BackpackReiCommonPlugin [sophisticatedbackpacks]/" done in 36.95 μs
[20:49:17] [main/TRACE] [REI] [REIServerPlugin START] Reloading Section: "reloadable-plugin/MenuInfoRegistryImpl/CoreReiCommonPlugin of CoreReiCommonPlugin [sophisticatedcore]/"
[20:49:17] [main/TRACE] [REI] [REIServerPlugin START] Reloading Section: "reloadable-plugin/MenuInfoRegistryImpl/CoreReiCommonPlugin of CoreReiCommonPlugin [sophisticatedcore]/" done in 70.16 μs
[20:49:17] [main/TRACE] [REI] [REIServerPlugin START] Reloading Section: "reloadable-plugin/MenuInfoRegistryImpl/DefaultRuntimePlugin of DefaultRuntimePlugin [roughlyenoughitems]/"
[20:49:17] [main/TRACE] [REI] [REIServerPlugin START] Reloading Section: "reloadable-plugin/MenuInfoRegistryImpl/DefaultRuntimePlugin of DefaultRuntimePlugin [roughlyenoughitems]/" done in 58.26 μs
[20:49:17] [main/TRACE] [REI] [REIServerPlugin START] Reloading Section: "reloadable-plugin/MenuInfoRegistryImpl/" done in 621.2 μs
[20:49:17] [main/TRACE] [REI] [REIServerPlugin START] Reloading Section: "reloadable-plugin/SlotAccessorRegistryImpl/"
[20:49:17] [main/TRACE] [REI] [REIServerPlugin START] Reloading Section: "reloadable-plugin/SlotAccessorRegistryImpl/DefaultPluginImpl of DefaultPluginImpl [roughlyenoughitems]/"
[20:49:17] [main/TRACE] [REI] [REIServerPlugin START] Reloading Section: "reloadable-plugin/SlotAccessorRegistryImpl/DefaultPluginImpl of DefaultPluginImpl [roughlyenoughitems]/" done in 62.43 μs
[20:49:17] [main/TRACE] [REI] [REIServerPlugin START] Reloading Section: "reloadable-plugin/SlotAccessorRegistryImpl/BackpackReiCommonPlugin of BackpackReiCommonPlugin [sophisticatedbackpacks]/"
[20:49:17] [main/TRACE] [REI] [REIServerPlugin START] Reloading Section: "reloadable-plugin/SlotAccessorRegistryImpl/BackpackReiCommonPlugin of BackpackReiCommonPlugin [sophisticatedbackpacks]/" done in 50.57 μs
[20:49:17] [main/TRACE] [REI] [REIServerPlugin START] Reloading Section: "reloadable-plugin/SlotAccessorRegistryImpl/CoreReiCommonPlugin of CoreReiCommonPlugin [sophisticatedcore]/"
[20:49:17] [main/TRACE] [REI] [REIServerPlugin START] Reloading Section: "reloadable-plugin/SlotAccessorRegistryImpl/CoreReiCommonPlugin of CoreReiCommonPlugin [sophisticatedcore]/" done in 49.66 μs
[20:49:17] [main/TRACE] [REI] [REIServerPlugin START] Reloading Section: "reloadable-plugin/SlotAccessorRegistryImpl/DefaultRuntimePlugin of DefaultRuntimePlugin [roughlyenoughitems]/"
[20:49:17] [main/TRACE] [REI] [REIServerPlugin START] Reloading Section: "reloadable-plugin/SlotAccessorRegistryImpl/DefaultRuntimePlugin of DefaultRuntimePlugin [roughlyenoughitems]/" done in 57.66 μs
[20:49:17] [main/TRACE] [REI] [REIServerPlugin START] Reloading Section: "reloadable-plugin/SlotAccessorRegistryImpl/" done in 638.3 μs
[20:49:17] [main/DEBUG] [REI] ========================================
[20:49:17] [main/DEBUG] [REI] REIServerPlugin ending main-reload for START.
[20:49:17] [main/DEBUG] [REI] ========================================
[20:49:17] [main/TRACE] [REI] [REIServerPlugin START] Reloading Section: "end-reload/"
[20:49:17] [main/TRACE] [REI] [REIServerPlugin START] Reloading Section: "end-reload/MenuInfoRegistryImpl/"
[20:49:17] [main/TRACE] [REI] [REIServerPlugin START] Reloading Section: "end-reload/MenuInfoRegistryImpl/" done in 43.04 μs
[20:49:17] [main/TRACE] [REI] [REIServerPlugin START] Reloading Section: "end-reload/SlotAccessorRegistryImpl/"
[20:49:17] [main/TRACE] [REI] [REIServerPlugin START] Reloading Section: "end-reload/SlotAccessorRegistryImpl/" done in 45.90 μs
[20:49:17] [main/TRACE] [REI] [REIServerPlugin START] Reloading Section: "end-reload/" done in 309.0 μs
[20:49:17] [main/DEBUG] [REI] ========================================
[20:49:17] [main/DEBUG] [REI] REIServerPlugin ended main-reload for START in 4.472 ms.
[20:49:17] [main/DEBUG] [REI] ========================================
[20:49:17] [main/DEBUG] [REI] ========================================
[20:49:17] [main/DEBUG] [REI] REIPlugin starting post-reload for START.
[20:49:17] [main/DEBUG] [REI] Reloadables (7):
[20:49:17] [main/DEBUG] [REI]  - EntryTypeRegistryImpl
[20:49:17] [main/DEBUG] [REI]  - EntrySettingsAdapterRegistryImpl
[20:49:17] [main/DEBUG] [REI]  - RecipeManagerContextImpl
[20:49:17] [main/DEBUG] [REI]  - ItemComparatorRegistryImpl
[20:49:17] [main/DEBUG] [REI]  - FluidComparatorRegistryImpl
[20:49:17] [main/DEBUG] [REI]  - DisplaySerializerRegistryImpl
[20:49:17] [main/DEBUG] [REI]  - FluidSupportProviderImpl
[20:49:17] [main/DEBUG] [REI] Plugins (4):
[20:49:17] [main/DEBUG] [REI]  - (-100.00) DefaultPluginImpl of DefaultPluginImpl [roughlyenoughitems]
[20:49:17] [main/DEBUG] [REI]  - (0.00) DefaultRuntimePlugin of DefaultRuntimePlugin [roughlyenoughitems]
[20:49:17] [main/DEBUG] [REI]  - (0.00) BackpackReiCommonPlugin of BackpackReiCommonPlugin [sophisticatedbackpacks]
[20:49:17] [main/DEBUG] [REI]  - (0.00) CoreReiCommonPlugin of CoreReiCommonPlugin [sophisticatedcore]
[20:49:17] [main/DEBUG] [REI] ========================================
[20:49:17] [main/TRACE] [REI] [REIPlugin START] Reloading Section: "post-register/"
[20:49:17] [main/TRACE] [REI] [REIPlugin START] Reloading Section: "post-register/DefaultPluginImpl of DefaultPluginImpl [roughlyenoughitems]/"
[20:49:17] [main/TRACE] [REI] [REIPlugin START] Reloading Section: "post-register/DefaultPluginImpl of DefaultPluginImpl [roughlyenoughitems]/" done in 206.6 μs
[20:49:17] [main/TRACE] [REI] [REIPlugin START] Reloading Section: "post-register/DefaultRuntimePlugin of DefaultRuntimePlugin [roughlyenoughitems]/"
[20:49:17] [main/TRACE] [REI] [REIPlugin START] Reloading Section: "post-register/DefaultRuntimePlugin of DefaultRuntimePlugin [roughlyenoughitems]/" done in 47.88 μs
[20:49:17] [main/TRACE] [REI] [REIPlugin START] Reloading Section: "post-register/BackpackReiCommonPlugin of BackpackReiCommonPlugin [sophisticatedbackpacks]/"
[20:49:17] [main/TRACE] [REI] [REIPlugin START] Reloading Section: "post-register/BackpackReiCommonPlugin of BackpackReiCommonPlugin [sophisticatedbackpacks]/" done in 55.95 μs
[20:49:17] [main/TRACE] [REI] [REIPlugin START] Reloading Section: "post-register/CoreReiCommonPlugin of CoreReiCommonPlugin [sophisticatedcore]/"
[20:49:17] [main/TRACE] [REI] [REIPlugin START] Reloading Section: "post-register/CoreReiCommonPlugin of CoreReiCommonPlugin [sophisticatedcore]/" done in 49.51 μs
[20:49:17] [main/TRACE] [REI] [REIPlugin START] Reloading Section: "post-register/" done in 982.2 μs
[20:49:17] [main/TRACE] [REI] [REIPlugin START] Reloading Section: "post-stage/"
[20:49:17] [main/TRACE] [REI] [REIPlugin START] Reloading Section: "post-stage/EntryTypeRegistryImpl/"
[20:49:17] [main/TRACE] [REI] [REIPlugin START] Reloading Section: "post-stage/EntryTypeRegistryImpl/" done in 61.11 μs
[20:49:17] [main/TRACE] [REI] [REIPlugin START] Reloading Section: "post-stage/EntrySettingsAdapterRegistryImpl/"
[20:49:17] [main/TRACE] [REI] [REIPlugin START] Reloading Section: "post-stage/EntrySettingsAdapterRegistryImpl/" done in 46.61 μs
[20:49:17] [main/TRACE] [REI] [REIPlugin START] Reloading Section: "post-stage/RecipeManagerContextImpl/"
[20:49:17] [main/TRACE] [REI] [REIPlugin START] Reloading Section: "post-stage/RecipeManagerContextImpl/" done in 49.80 μs
[20:49:17] [main/TRACE] [REI] [REIPlugin START] Reloading Section: "post-stage/ItemComparatorRegistryImpl/"
[20:49:17] [main/TRACE] [REI] [REIPlugin START] Reloading Section: "post-stage/ItemComparatorRegistryImpl/" done in 45.70 μs
[20:49:17] [main/TRACE] [REI] [REIPlugin START] Reloading Section: "post-stage/FluidComparatorRegistryImpl/"
[20:49:17] [main/TRACE] [REI] [REIPlugin START] Reloading Section: "post-stage/FluidComparatorRegistryImpl/" done in 42.91 μs
[20:49:17] [main/TRACE] [REI] [REIPlugin START] Reloading Section: "post-stage/DisplaySerializerRegistryImpl/"
[20:49:17] [main/TRACE] [REI] [REIPlugin START] Reloading Section: "post-stage/DisplaySerializerRegistryImpl/" done in 55.27 μs
[20:49:17] [main/TRACE] [REI] [REIPlugin START] Reloading Section: "post-stage/FluidSupportProviderImpl/"
[20:49:17] [main/TRACE] [REI] [REIPlugin START] Reloading Section: "post-stage/FluidSupportProviderImpl/" done in 42.56 μs
[20:49:17] [main/TRACE] [REI] [REIPlugin START] Reloading Section: "post-stage/" done in 1.065 ms
[20:49:17] [main/DEBUG] [REI] ========================================
[20:49:17] [main/INFO] [REI] REIPlugin finished post-reload for START in 2.236 ms, totaling 37.87 ms.
[20:49:17] [main/DEBUG] [REI] ========================================
[20:49:17] [main/DEBUG] [REI] ========================================
[20:49:17] [main/DEBUG] [REI] REIServerPlugin starting post-reload for START.
[20:49:17] [main/DEBUG] [REI] Reloadables (2):
[20:49:17] [main/DEBUG] [REI]  - MenuInfoRegistryImpl
[20:49:17] [main/DEBUG] [REI]  - SlotAccessorRegistryImpl
[20:49:17] [main/DEBUG] [REI] Plugins (4):
[20:49:17] [main/DEBUG] [REI]  - (-100.00) DefaultPluginImpl of DefaultPluginImpl [roughlyenoughitems]
[20:49:17] [main/DEBUG] [REI]  - (0.00) BackpackReiCommonPlugin of BackpackReiCommonPlugin [sophisticatedbackpacks]
[20:49:17] [main/DEBUG] [REI]  - (0.00) CoreReiCommonPlugin of CoreReiCommonPlugin [sophisticatedcore]
[20:49:17] [main/DEBUG] [REI]  - (0.00) DefaultRuntimePlugin of DefaultRuntimePlugin [roughlyenoughitems]
[20:49:17] [main/DEBUG] [REI] ========================================
[20:49:17] [main/TRACE] [REI] [REIServerPlugin START] Reloading Section: "post-register/"
[20:49:17] [main/TRACE] [REI] [REIServerPlugin START] Reloading Section: "post-register/DefaultPluginImpl of DefaultPluginImpl [roughlyenoughitems]/"
[20:49:17] [main/TRACE] [REI] [REIServerPlugin START] Reloading Section: "post-register/DefaultPluginImpl of DefaultPluginImpl [roughlyenoughitems]/" done in 46.29 μs
[20:49:17] [main/TRACE] [REI] [REIServerPlugin START] Reloading Section: "post-register/BackpackReiCommonPlugin of BackpackReiCommonPlugin [sophisticatedbackpacks]/"
[20:49:17] [main/TRACE] [REI] [REIServerPlugin START] Reloading Section: "post-register/BackpackReiCommonPlugin of BackpackReiCommonPlugin [sophisticatedbackpacks]/" done in 54.41 μs
[20:49:17] [main/TRACE] [REI] [REIServerPlugin START] Reloading Section: "post-register/CoreReiCommonPlugin of CoreReiCommonPlugin [sophisticatedcore]/"
[20:49:17] [main/TRACE] [REI] [REIServerPlugin START] Reloading Section: "post-register/CoreReiCommonPlugin of CoreReiCommonPlugin [sophisticatedcore]/" done in 49.70 μs
[20:49:17] [main/TRACE] [REI] [REIServerPlugin START] Reloading Section: "post-register/DefaultRuntimePlugin of DefaultRuntimePlugin [roughlyenoughitems]/"
[20:49:17] [main/TRACE] [REI] [REIServerPlugin START] Reloading Section: "post-register/DefaultRuntimePlugin of DefaultRuntimePlugin [roughlyenoughitems]/" done in 54.95 μs
[20:49:17] [main/TRACE] [REI] [REIServerPlugin START] Reloading Section: "post-register/" done in 654.4 μs
[20:49:17] [main/TRACE] [REI] [REIServerPlugin START] Reloading Section: "post-stage/"
[20:49:17] [main/TRACE] [REI] [REIServerPlugin START] Reloading Section: "post-stage/MenuInfoRegistryImpl/"
[20:49:17] [main/TRACE] [REI] [REIServerPlugin START] Reloading Section: "post-stage/MenuInfoRegistryImpl/" done in 43.13 μs
[20:49:17] [main/TRACE] [REI] [REIServerPlugin START] Reloading Section: "post-stage/SlotAccessorRegistryImpl/"
[20:49:17] [main/TRACE] [REI] [REIServerPlugin START] Reloading Section: "post-stage/SlotAccessorRegistryImpl/" done in 107.7 μs
[20:49:17] [main/TRACE] [REI] [REIServerPlugin START] Reloading Section: "post-stage/" done in 381.4 μs
[20:49:17] [main/DEBUG] [REI] ========================================
[20:49:17] [main/INFO] [REI] REIServerPlugin finished post-reload for START in 1.204 ms, totaling 6.858 ms.
[20:49:17] [main/DEBUG] [REI] ========================================
[20:49:17] [main/DEBUG] [REI] ========================================
[20:49:17] [main/DEBUG] [REI] REIPlugin starting pre-reload for END.
[20:49:17] [main/DEBUG] [REI] Reloadables (7):
[20:49:17] [main/DEBUG] [REI]  - EntryTypeRegistryImpl
[20:49:17] [main/DEBUG] [REI]  - EntrySettingsAdapterRegistryImpl
[20:49:17] [main/DEBUG] [REI]  - RecipeManagerContextImpl
[20:49:17] [main/DEBUG] [REI]  - ItemComparatorRegistryImpl
[20:49:17] [main/DEBUG] [REI]  - FluidComparatorRegistryImpl
[20:49:17] [main/DEBUG] [REI]  - DisplaySerializerRegistryImpl
[20:49:17] [main/DEBUG] [REI]  - FluidSupportProviderImpl
[20:49:17] [main/DEBUG] [REI] Plugins (4):
[20:49:17] [main/DEBUG] [REI]  - (-100.00) DefaultPluginImpl of DefaultPluginImpl [roughlyenoughitems]
[20:49:17] [main/DEBUG] [REI]  - (0.00) DefaultRuntimePlugin of DefaultRuntimePlugin [roughlyenoughitems]
[20:49:17] [main/DEBUG] [REI]  - (0.00) BackpackReiCommonPlugin of BackpackReiCommonPlugin [sophisticatedbackpacks]
[20:49:17] [main/DEBUG] [REI]  - (0.00) CoreReiCommonPlugin of CoreReiCommonPlugin [sophisticatedcore]
[20:49:17] [main/DEBUG] [REI] ========================================
[20:49:17] [main/TRACE] [REI] [REIPlugin END] Reloading Section: "pre-register/"
[20:49:17] [main/TRACE] [REI] [REIPlugin END] Reloading Section: "pre-register/DefaultPluginImpl of DefaultPluginImpl [roughlyenoughitems]/"
[20:49:17] [main/TRACE] [REI] [REIPlugin END] Reloading Section: "pre-register/DefaultPluginImpl of DefaultPluginImpl [roughlyenoughitems]/" done in 46.23 μs
[20:49:17] [main/TRACE] [REI] [REIPlugin END] Reloading Section: "pre-register/DefaultRuntimePlugin of DefaultRuntimePlugin [roughlyenoughitems]/"
[20:49:17] [main/TRACE] [REI] [REIPlugin END] Reloading Section: "pre-register/DefaultRuntimePlugin of DefaultRuntimePlugin [roughlyenoughitems]/" done in 42.91 μs
[20:49:17] [main/TRACE] [REI] [REIPlugin END] Reloading Section: "pre-register/BackpackReiCommonPlugin of BackpackReiCommonPlugin [sophisticatedbackpacks]/"
[20:49:17] [main/TRACE] [REI] [REIPlugin END] Reloading Section: "pre-register/BackpackReiCommonPlugin of BackpackReiCommonPlugin [sophisticatedbackpacks]/" done in 42.67 μs
[20:49:17] [main/TRACE] [REI] [REIPlugin END] Reloading Section: "pre-register/CoreReiCommonPlugin of CoreReiCommonPlugin [sophisticatedcore]/"
[20:49:17] [main/TRACE] [REI] [REIPlugin END] Reloading Section: "pre-register/CoreReiCommonPlugin of CoreReiCommonPlugin [sophisticatedcore]/" done in 43.30 μs
[20:49:17] [main/TRACE] [REI] [REIPlugin END] Reloading Section: "pre-register/" done in 535.9 μs
[20:49:17] [main/TRACE] [REI] [REIPlugin END] Reloading Section: "pre-stage/"
[20:49:17] [main/TRACE] [REI] [REIPlugin END] Reloading Section: "pre-stage/EntryTypeRegistryImpl/"
[20:49:17] [main/TRACE] [REI] [REIPlugin END] Reloading Section: "pre-stage/EntryTypeRegistryImpl/" done in 62.40 μs
[20:49:17] [main/TRACE] [REI] [REIPlugin END] Reloading Section: "pre-stage/EntrySettingsAdapterRegistryImpl/"
[20:49:17] [main/TRACE] [REI] [REIPlugin END] Reloading Section: "pre-stage/EntrySettingsAdapterRegistryImpl/" done in 54.53 μs
[20:49:17] [main/TRACE] [REI] [REIPlugin END] Reloading Section: "pre-stage/RecipeManagerContextImpl/"
[20:49:17] [main/TRACE] [REI] [REIPlugin END] Reloading Section: "pre-stage/RecipeManagerContextImpl/" done in 49.46 μs
[20:49:17] [main/TRACE] [REI] [REIPlugin END] Reloading Section: "pre-stage/ItemComparatorRegistryImpl/"
[20:49:17] [main/TRACE] [REI] [REIPlugin END] Reloading Section: "pre-stage/ItemComparatorRegistryImpl/" done in 52.08 μs
[20:49:17] [main/TRACE] [REI] [REIPlugin END] Reloading Section: "pre-stage/FluidComparatorRegistryImpl/"
[20:49:17] [main/TRACE] [REI] [REIPlugin END] Reloading Section: "pre-stage/FluidComparatorRegistryImpl/" done in 56.22 μs
[20:49:17] [main/TRACE] [REI] [REIPlugin END] Reloading Section: "pre-stage/DisplaySerializerRegistryImpl/"
[20:49:17] [main/TRACE] [REI] [REIPlugin END] Reloading Section: "pre-stage/DisplaySerializerRegistryImpl/" done in 50.67 μs
[20:49:17] [main/TRACE] [REI] [REIPlugin END] Reloading Section: "pre-stage/FluidSupportProviderImpl/"
[20:49:17] [main/TRACE] [REI] [REIPlugin END] Reloading Section: "pre-stage/FluidSupportProviderImpl/" done in 46.97 μs
[20:49:17] [main/TRACE] [REI] [REIPlugin END] Reloading Section: "pre-stage/" done in 1.128 ms
[20:49:17] [main/DEBUG] [REI] ========================================
[20:49:17] [main/DEBUG] [REI] REIPlugin finished pre-reload for END in 1.896 ms.
[20:49:17] [main/DEBUG] [REI] ========================================
[20:49:17] [main/DEBUG] [REI] ========================================
[20:49:17] [main/DEBUG] [REI] REIServerPlugin starting pre-reload for END.
[20:49:17] [main/DEBUG] [REI] Reloadables (2):
[20:49:17] [main/DEBUG] [REI]  - MenuInfoRegistryImpl
[20:49:17] [main/DEBUG] [REI]  - SlotAccessorRegistryImpl
[20:49:17] [main/DEBUG] [REI] Plugins (4):
[20:49:17] [main/DEBUG] [REI]  - (-100.00) DefaultPluginImpl of DefaultPluginImpl [roughlyenoughitems]
[20:49:17] [main/DEBUG] [REI]  - (0.00) BackpackReiCommonPlugin of BackpackReiCommonPlugin [sophisticatedbackpacks]
[20:49:17] [main/DEBUG] [REI]  - (0.00) CoreReiCommonPlugin of CoreReiCommonPlugin [sophisticatedcore]
[20:49:17] [main/DEBUG] [REI]  - (0.00) DefaultRuntimePlugin of DefaultRuntimePlugin [roughlyenoughitems]
[20:49:17] [main/DEBUG] [REI] ========================================
[20:49:17] [main/TRACE] [REI] [REIServerPlugin END] Reloading Section: "pre-register/"
[20:49:17] [main/TRACE] [REI] [REIServerPlugin END] Reloading Section: "pre-register/DefaultPluginImpl of DefaultPluginImpl [roughlyenoughitems]/"
[20:49:17] [main/TRACE] [REI] [REIServerPlugin END] Reloading Section: "pre-register/DefaultPluginImpl of DefaultPluginImpl [roughlyenoughitems]/" done in 42.88 μs
[20:49:17] [main/TRACE] [REI] [REIServerPlugin END] Reloading Section: "pre-register/BackpackReiCommonPlugin of BackpackReiCommonPlugin [sophisticatedbackpacks]/"
[20:49:17] [main/TRACE] [REI] [REIServerPlugin END] Reloading Section: "pre-register/BackpackReiCommonPlugin of BackpackReiCommonPlugin [sophisticatedbackpacks]/" done in 42.75 μs
[20:49:17] [main/TRACE] [REI] [REIServerPlugin END] Reloading Section: "pre-register/CoreReiCommonPlugin of CoreReiCommonPlugin [sophisticatedcore]/"
[20:49:17] [main/TRACE] [REI] [REIServerPlugin END] Reloading Section: "pre-register/CoreReiCommonPlugin of CoreReiCommonPlugin [sophisticatedcore]/" done in 49.37 μs
[20:49:17] [main/TRACE] [REI] [REIServerPlugin END] Reloading Section: "pre-register/DefaultRuntimePlugin of DefaultRuntimePlugin [roughlyenoughitems]/"
[20:49:17] [main/TRACE] [REI] [REIServerPlugin END] Reloading Section: "pre-register/DefaultRuntimePlugin of DefaultRuntimePlugin [roughlyenoughitems]/" done in 42.44 μs
[20:49:17] [main/TRACE] [REI] [REIServerPlugin END] Reloading Section: "pre-register/" done in 561.6 μs
[20:49:17] [main/TRACE] [REI] [REIServerPlugin END] Reloading Section: "pre-stage/"
[20:49:17] [main/TRACE] [REI] [REIServerPlugin END] Reloading Section: "pre-stage/MenuInfoRegistryImpl/"
[20:49:17] [main/TRACE] [REI] [REIServerPlugin END] Reloading Section: "pre-stage/MenuInfoRegistryImpl/" done in 60.83 μs
[20:49:17] [main/TRACE] [REI] [REIServerPlugin END] Reloading Section: "pre-stage/SlotAccessorRegistryImpl/"
[20:49:17] [main/TRACE] [REI] [REIServerPlugin END] Reloading Section: "pre-stage/SlotAccessorRegistryImpl/" done in 42.82 μs
[20:49:17] [main/TRACE] [REI] [REIServerPlugin END] Reloading Section: "pre-stage/" done in 333.8 μs
[20:49:17] [main/DEBUG] [REI] ========================================
[20:49:17] [main/DEBUG] [REI] REIServerPlugin finished pre-reload for END in 1.071 ms.
[20:49:17] [main/DEBUG] [REI] ========================================
[20:49:17] [main/INFO] [REI] ~~~~~~~~~~~~~~~~~~~~~~~~~~~~~~~~~~~~~~~~
[20:49:17] [main/INFO] [REI] REIPlugin starting main-reload for END.
[20:49:17] [main/DEBUG] [REI] Reloadables (7):
[20:49:17] [main/DEBUG] [REI]  - EntryTypeRegistryImpl
[20:49:17] [main/DEBUG] [REI]  - EntrySettingsAdapterRegistryImpl
[20:49:17] [main/DEBUG] [REI]  - RecipeManagerContextImpl
[20:49:17] [main/DEBUG] [REI]  - ItemComparatorRegistryImpl
[20:49:17] [main/DEBUG] [REI]  - FluidComparatorRegistryImpl
[20:49:17] [main/DEBUG] [REI]  - DisplaySerializerRegistryImpl
[20:49:17] [main/DEBUG] [REI]  - FluidSupportProviderImpl
[20:49:17] [main/INFO] [REI] Plugins (4):
[20:49:17] [main/INFO] [REI]  - (-100.00) DefaultPluginImpl of DefaultPluginImpl [roughlyenoughitems]
[20:49:17] [main/INFO] [REI]  - (0.00) DefaultRuntimePlugin of DefaultRuntimePlugin [roughlyenoughitems]
[20:49:17] [main/INFO] [REI]  - (0.00) BackpackReiCommonPlugin of BackpackReiCommonPlugin [sophisticatedbackpacks]
[20:49:17] [main/INFO] [REI]  - (0.00) CoreReiCommonPlugin of CoreReiCommonPlugin [sophisticatedcore]
[20:49:17] [main/INFO] [REI] ~~~~~~~~~~~~~~~~~~~~~~~~~~~~~~~~~~~~~~~~
[20:49:17] [main/TRACE] [REI] [REIPlugin END] Reloading Section: "start-reload/"
[20:49:17] [main/TRACE] [REI] [REIPlugin END] Reloading Section: "start-reload/EntryTypeRegistryImpl/"
[20:49:17] [main/TRACE] [REI] [REIPlugin END] Reloading Section: "start-reload/EntryTypeRegistryImpl/" done in 27.22 μs
[20:49:17] [main/TRACE] [REI] [REIPlugin END] Reloading Section: "start-reload/EntrySettingsAdapterRegistryImpl/"
[20:49:17] [main/TRACE] [REI] [REIPlugin END] Reloading Section: "start-reload/EntrySettingsAdapterRegistryImpl/" done in 37.18 μs
[20:49:17] [main/TRACE] [REI] [REIPlugin END] Reloading Section: "start-reload/RecipeManagerContextImpl/"
[20:49:17] [main/TRACE] [REI] [REIPlugin END] Reloading Section: "start-reload/RecipeManagerContextImpl/" done in 25.53 μs
[20:49:17] [main/TRACE] [REI] [REIPlugin END] Reloading Section: "start-reload/ItemComparatorRegistryImpl/"
[20:49:17] [main/TRACE] [REI] [REIPlugin END] Reloading Section: "start-reload/ItemComparatorRegistryImpl/" done in 25.16 μs
[20:49:17] [main/TRACE] [REI] [REIPlugin END] Reloading Section: "start-reload/FluidComparatorRegistryImpl/"
[20:49:17] [main/TRACE] [REI] [REIPlugin END] Reloading Section: "start-reload/FluidComparatorRegistryImpl/" done in 60.03 μs
[20:49:17] [main/TRACE] [REI] [REIPlugin END] Reloading Section: "start-reload/DisplaySerializerRegistryImpl/"
[20:49:17] [main/TRACE] [REI] [REIPlugin END] Reloading Section: "start-reload/DisplaySerializerRegistryImpl/" done in 34.64 μs
[20:49:17] [main/TRACE] [REI] [REIPlugin END] Reloading Section: "start-reload/FluidSupportProviderImpl/"
[20:49:17] [main/TRACE] [REI] [REIPlugin END] Reloading Section: "start-reload/FluidSupportProviderImpl/" done in 36.99 μs
[20:49:17] [main/TRACE] [REI] [REIPlugin END] Reloading Section: "start-reload/" done in 749.5 μs
[20:49:17] [main/DEBUG] [REI] ========================================
[20:49:17] [main/DEBUG] [REI] REIPlugin started main-reload for END.
[20:49:17] [main/DEBUG] [REI] ========================================
[20:49:17] [main/TRACE] [REI] [REIPlugin END] Reloading Section: "reloadable-plugin/EntryTypeRegistryImpl/"
[20:49:17] [main/TRACE] [REI] [REIPlugin END] Reloading Section: "reloadable-plugin/EntryTypeRegistryImpl/DefaultPluginImpl of DefaultPluginImpl [roughlyenoughitems]/"
[20:49:17] [main/TRACE] [REI] [REIPlugin END] Reloading Section: "reloadable-plugin/EntryTypeRegistryImpl/DefaultPluginImpl of DefaultPluginImpl [roughlyenoughitems]/" done in 46.48 μs
[20:49:17] [main/TRACE] [REI] [REIPlugin END] Reloading Section: "reloadable-plugin/EntryTypeRegistryImpl/DefaultRuntimePlugin of DefaultRuntimePlugin [roughlyenoughitems]/"
[20:49:17] [main/TRACE] [REI] [REIPlugin END] Reloading Section: "reloadable-plugin/EntryTypeRegistryImpl/DefaultRuntimePlugin of DefaultRuntimePlugin [roughlyenoughitems]/" done in 43.69 μs
[20:49:17] [main/TRACE] [REI] [REIPlugin END] Reloading Section: "reloadable-plugin/EntryTypeRegistryImpl/BackpackReiCommonPlugin of BackpackReiCommonPlugin [sophisticatedbackpacks]/"
[20:49:17] [main/TRACE] [REI] [REIPlugin END] Reloading Section: "reloadable-plugin/EntryTypeRegistryImpl/BackpackReiCommonPlugin of BackpackReiCommonPlugin [sophisticatedbackpacks]/" done in 42.68 μs
[20:49:17] [main/TRACE] [REI] [REIPlugin END] Reloading Section: "reloadable-plugin/EntryTypeRegistryImpl/CoreReiCommonPlugin of CoreReiCommonPlugin [sophisticatedcore]/"
[20:49:17] [main/TRACE] [REI] [REIPlugin END] Reloading Section: "reloadable-plugin/EntryTypeRegistryImpl/CoreReiCommonPlugin of CoreReiCommonPlugin [sophisticatedcore]/" done in 52.89 μs
[20:49:17] [main/TRACE] [REI] [REIPlugin END] Reloading Section: "reloadable-plugin/EntryTypeRegistryImpl/" done in 582.7 μs
[20:49:17] [main/TRACE] [REI] [REIPlugin END] Reloading Section: "reloadable-plugin/EntrySettingsAdapterRegistryImpl/"
[20:49:17] [main/TRACE] [REI] [REIPlugin END] Reloading Section: "reloadable-plugin/EntrySettingsAdapterRegistryImpl/DefaultPluginImpl of DefaultPluginImpl [roughlyenoughitems]/"
[20:49:17] [main/TRACE] [REI] [REIPlugin END] Reloading Section: "reloadable-plugin/EntrySettingsAdapterRegistryImpl/DefaultPluginImpl of DefaultPluginImpl [roughlyenoughitems]/" done in 53.07 μs
[20:49:17] [main/TRACE] [REI] [REIPlugin END] Reloading Section: "reloadable-plugin/EntrySettingsAdapterRegistryImpl/DefaultRuntimePlugin of DefaultRuntimePlugin [roughlyenoughitems]/"
[20:49:17] [main/TRACE] [REI] [REIPlugin END] Reloading Section: "reloadable-plugin/EntrySettingsAdapterRegistryImpl/DefaultRuntimePlugin of DefaultRuntimePlugin [roughlyenoughitems]/" done in 44.78 μs
[20:49:17] [main/TRACE] [REI] [REIPlugin END] Reloading Section: "reloadable-plugin/EntrySettingsAdapterRegistryImpl/BackpackReiCommonPlugin of BackpackReiCommonPlugin [sophisticatedbackpacks]/"
[20:49:17] [main/TRACE] [REI] [REIPlugin END] Reloading Section: "reloadable-plugin/EntrySettingsAdapterRegistryImpl/BackpackReiCommonPlugin of BackpackReiCommonPlugin [sophisticatedbackpacks]/" done in 46.54 μs
[20:49:17] [main/TRACE] [REI] [REIPlugin END] Reloading Section: "reloadable-plugin/EntrySettingsAdapterRegistryImpl/CoreReiCommonPlugin of CoreReiCommonPlugin [sophisticatedcore]/"
[20:49:17] [main/TRACE] [REI] [REIPlugin END] Reloading Section: "reloadable-plugin/EntrySettingsAdapterRegistryImpl/CoreReiCommonPlugin of CoreReiCommonPlugin [sophisticatedcore]/" done in 44.77 μs
[20:49:17] [main/TRACE] [REI] [REIPlugin END] Reloading Section: "reloadable-plugin/EntrySettingsAdapterRegistryImpl/" done in 552.9 μs
[20:49:17] [main/TRACE] [REI] [REIPlugin END] Reloading Section: "reloadable-plugin/RecipeManagerContextImpl/"
[20:49:17] [main/TRACE] [REI] [REIPlugin END] Reloading Section: "reloadable-plugin/RecipeManagerContextImpl/DefaultPluginImpl of DefaultPluginImpl [roughlyenoughitems]/"
[20:49:17] [main/TRACE] [REI] [REIPlugin END] Reloading Section: "reloadable-plugin/RecipeManagerContextImpl/DefaultPluginImpl of DefaultPluginImpl [roughlyenoughitems]/" done in 44.28 μs
[20:49:17] [main/TRACE] [REI] [REIPlugin END] Reloading Section: "reloadable-plugin/RecipeManagerContextImpl/DefaultRuntimePlugin of DefaultRuntimePlugin [roughlyenoughitems]/"
[20:49:17] [main/TRACE] [REI] [REIPlugin END] Reloading Section: "reloadable-plugin/RecipeManagerContextImpl/DefaultRuntimePlugin of DefaultRuntimePlugin [roughlyenoughitems]/" done in 52.33 μs
[20:49:17] [main/TRACE] [REI] [REIPlugin END] Reloading Section: "reloadable-plugin/RecipeManagerContextImpl/BackpackReiCommonPlugin of BackpackReiCommonPlugin [sophisticatedbackpacks]/"
[20:49:17] [main/TRACE] [REI] [REIPlugin END] Reloading Section: "reloadable-plugin/RecipeManagerContextImpl/BackpackReiCommonPlugin of BackpackReiCommonPlugin [sophisticatedbackpacks]/" done in 47.52 μs
[20:49:17] [main/TRACE] [REI] [REIPlugin END] Reloading Section: "reloadable-plugin/RecipeManagerContextImpl/CoreReiCommonPlugin of CoreReiCommonPlugin [sophisticatedcore]/"
[20:49:17] [main/TRACE] [REI] [REIPlugin END] Reloading Section: "reloadable-plugin/RecipeManagerContextImpl/CoreReiCommonPlugin of CoreReiCommonPlugin [sophisticatedcore]/" done in 42.98 μs
[20:49:17] [main/TRACE] [REI] [REIPlugin END] Reloading Section: "reloadable-plugin/RecipeManagerContextImpl/" done in 570.1 μs
[20:49:17] [main/TRACE] [REI] [REIPlugin END] Reloading Section: "reloadable-plugin/ItemComparatorRegistryImpl/"
[20:49:17] [main/TRACE] [REI] [REIPlugin END] Reloading Section: "reloadable-plugin/ItemComparatorRegistryImpl/DefaultPluginImpl of DefaultPluginImpl [roughlyenoughitems]/"
[20:49:17] [main/TRACE] [REI] [REIPlugin END] Reloading Section: "reloadable-plugin/ItemComparatorRegistryImpl/DefaultPluginImpl of DefaultPluginImpl [roughlyenoughitems]/" done in 49.86 μs
[20:49:17] [main/TRACE] [REI] [REIPlugin END] Reloading Section: "reloadable-plugin/ItemComparatorRegistryImpl/DefaultRuntimePlugin of DefaultRuntimePlugin [roughlyenoughitems]/"
[20:49:17] [main/TRACE] [REI] [REIPlugin END] Reloading Section: "reloadable-plugin/ItemComparatorRegistryImpl/DefaultRuntimePlugin of DefaultRuntimePlugin [roughlyenoughitems]/" done in 44.15 μs
[20:49:17] [main/TRACE] [REI] [REIPlugin END] Reloading Section: "reloadable-plugin/ItemComparatorRegistryImpl/BackpackReiCommonPlugin of BackpackReiCommonPlugin [sophisticatedbackpacks]/"
[20:49:17] [main/TRACE] [REI] [REIPlugin END] Reloading Section: "reloadable-plugin/ItemComparatorRegistryImpl/BackpackReiCommonPlugin of BackpackReiCommonPlugin [sophisticatedbackpacks]/" done in 45.73 μs
[20:49:17] [main/TRACE] [REI] [REIPlugin END] Reloading Section: "reloadable-plugin/ItemComparatorRegistryImpl/CoreReiCommonPlugin of CoreReiCommonPlugin [sophisticatedcore]/"
[20:49:17] [main/TRACE] [REI] [REIPlugin END] Reloading Section: "reloadable-plugin/ItemComparatorRegistryImpl/CoreReiCommonPlugin of CoreReiCommonPlugin [sophisticatedcore]/" done in 45.00 μs
[20:49:17] [main/TRACE] [REI] [REIPlugin END] Reloading Section: "reloadable-plugin/ItemComparatorRegistryImpl/" done in 569.6 μs
[20:49:17] [main/TRACE] [REI] [REIPlugin END] Reloading Section: "reloadable-plugin/FluidComparatorRegistryImpl/"
[20:49:17] [main/TRACE] [REI] [REIPlugin END] Reloading Section: "reloadable-plugin/FluidComparatorRegistryImpl/DefaultPluginImpl of DefaultPluginImpl [roughlyenoughitems]/"
[20:49:17] [main/TRACE] [REI] [REIPlugin END] Reloading Section: "reloadable-plugin/FluidComparatorRegistryImpl/DefaultPluginImpl of DefaultPluginImpl [roughlyenoughitems]/" done in 42.65 μs
[20:49:17] [main/TRACE] [REI] [REIPlugin END] Reloading Section: "reloadable-plugin/FluidComparatorRegistryImpl/DefaultRuntimePlugin of DefaultRuntimePlugin [roughlyenoughitems]/"
[20:49:17] [main/TRACE] [REI] [REIPlugin END] Reloading Section: "reloadable-plugin/FluidComparatorRegistryImpl/DefaultRuntimePlugin of DefaultRuntimePlugin [roughlyenoughitems]/" done in 45.57 μs
[20:49:17] [main/TRACE] [REI] [REIPlugin END] Reloading Section: "reloadable-plugin/FluidComparatorRegistryImpl/BackpackReiCommonPlugin of BackpackReiCommonPlugin [sophisticatedbackpacks]/"
[20:49:17] [main/TRACE] [REI] [REIPlugin END] Reloading Section: "reloadable-plugin/FluidComparatorRegistryImpl/BackpackReiCommonPlugin of BackpackReiCommonPlugin [sophisticatedbackpacks]/" done in 53.28 μs
[20:49:17] [main/TRACE] [REI] [REIPlugin END] Reloading Section: "reloadable-plugin/FluidComparatorRegistryImpl/CoreReiCommonPlugin of CoreReiCommonPlugin [sophisticatedcore]/"
[20:49:17] [main/TRACE] [REI] [REIPlugin END] Reloading Section: "reloadable-plugin/FluidComparatorRegistryImpl/CoreReiCommonPlugin of CoreReiCommonPlugin [sophisticatedcore]/" done in 44.61 μs
[20:49:17] [main/TRACE] [REI] [REIPlugin END] Reloading Section: "reloadable-plugin/FluidComparatorRegistryImpl/" done in 550.1 μs
[20:49:17] [main/TRACE] [REI] [REIPlugin END] Reloading Section: "reloadable-plugin/DisplaySerializerRegistryImpl/"
[20:49:17] [main/TRACE] [REI] [REIPlugin END] Reloading Section: "reloadable-plugin/DisplaySerializerRegistryImpl/DefaultPluginImpl of DefaultPluginImpl [roughlyenoughitems]/"
[20:49:17] [main/TRACE] [REI] [REIPlugin END] Reloading Section: "reloadable-plugin/DisplaySerializerRegistryImpl/DefaultPluginImpl of DefaultPluginImpl [roughlyenoughitems]/" done in 17.21 ms
[20:49:17] [main/TRACE] [REI] [REIPlugin END] Reloading Section: "reloadable-plugin/DisplaySerializerRegistryImpl/DefaultRuntimePlugin of DefaultRuntimePlugin [roughlyenoughitems]/"
[20:49:17] [main/TRACE] [REI] [REIPlugin END] Reloading Section: "reloadable-plugin/DisplaySerializerRegistryImpl/DefaultRuntimePlugin of DefaultRuntimePlugin [roughlyenoughitems]/" done in 54.79 μs
[20:49:17] [main/TRACE] [REI] [REIPlugin END] Reloading Section: "reloadable-plugin/DisplaySerializerRegistryImpl/BackpackReiCommonPlugin of BackpackReiCommonPlugin [sophisticatedbackpacks]/"
[20:49:17] [main/TRACE] [REI] [REIPlugin END] Reloading Section: "reloadable-plugin/DisplaySerializerRegistryImpl/BackpackReiCommonPlugin of BackpackReiCommonPlugin [sophisticatedbackpacks]/" done in 45.76 μs
[20:49:17] [main/TRACE] [REI] [REIPlugin END] Reloading Section: "reloadable-plugin/DisplaySerializerRegistryImpl/CoreReiCommonPlugin of CoreReiCommonPlugin [sophisticatedcore]/"
[20:49:17] [main/TRACE] [REI] [REIPlugin END] Reloading Section: "reloadable-plugin/DisplaySerializerRegistryImpl/CoreReiCommonPlugin of CoreReiCommonPlugin [sophisticatedcore]/" done in 42.33 μs
[20:49:17] [main/TRACE] [REI] [REIPlugin END] Reloading Section: "reloadable-plugin/DisplaySerializerRegistryImpl/" done in 17.93 ms
[20:49:17] [main/TRACE] [REI] [REIPlugin END] Reloading Section: "reloadable-plugin/FluidSupportProviderImpl/"
[20:49:17] [main/TRACE] [REI] [REIPlugin END] Reloading Section: "reloadable-plugin/FluidSupportProviderImpl/DefaultPluginImpl of DefaultPluginImpl [roughlyenoughitems]/"
[20:49:17] [main/TRACE] [REI] [REIPlugin END] Reloading Section: "reloadable-plugin/FluidSupportProviderImpl/DefaultPluginImpl of DefaultPluginImpl [roughlyenoughitems]/" done in 51.51 μs
[20:49:17] [main/TRACE] [REI] [REIPlugin END] Reloading Section: "reloadable-plugin/FluidSupportProviderImpl/DefaultRuntimePlugin of DefaultRuntimePlugin [roughlyenoughitems]/"
[20:49:17] [main/TRACE] [REI] [REIPlugin END] Reloading Section: "reloadable-plugin/FluidSupportProviderImpl/DefaultRuntimePlugin of DefaultRuntimePlugin [roughlyenoughitems]/" done in 40.53 μs
[20:49:17] [main/TRACE] [REI] [REIPlugin END] Reloading Section: "reloadable-plugin/FluidSupportProviderImpl/BackpackReiCommonPlugin of BackpackReiCommonPlugin [sophisticatedbackpacks]/"
[20:49:17] [main/TRACE] [REI] [REIPlugin END] Reloading Section: "reloadable-plugin/FluidSupportProviderImpl/BackpackReiCommonPlugin of BackpackReiCommonPlugin [sophisticatedbackpacks]/" done in 36.63 μs
[20:49:17] [main/TRACE] [REI] [REIPlugin END] Reloading Section: "reloadable-plugin/FluidSupportProviderImpl/CoreReiCommonPlugin of CoreReiCommonPlugin [sophisticatedcore]/"
[20:49:17] [main/TRACE] [REI] [REIPlugin END] Reloading Section: "reloadable-plugin/FluidSupportProviderImpl/CoreReiCommonPlugin of CoreReiCommonPlugin [sophisticatedcore]/" done in 42.28 μs
[20:49:17] [main/TRACE] [REI] [REIPlugin END] Reloading Section: "reloadable-plugin/FluidSupportProviderImpl/" done in 549.7 μs
[20:49:17] [main/DEBUG] [REI] ========================================
[20:49:17] [main/DEBUG] [REI] REIPlugin ending main-reload for END.
[20:49:17] [main/DEBUG] [REI] ========================================
[20:49:17] [main/TRACE] [REI] [REIPlugin END] Reloading Section: "end-reload/"
[20:49:17] [main/TRACE] [REI] [REIPlugin END] Reloading Section: "end-reload/EntryTypeRegistryImpl/"
[20:49:17] [main/TRACE] [REI] [REIPlugin END] Reloading Section: "end-reload/EntryTypeRegistryImpl/" done in 21.54 μs
[20:49:17] [main/TRACE] [REI] [REIPlugin END] Reloading Section: "end-reload/EntrySettingsAdapterRegistryImpl/"
[20:49:17] [main/TRACE] [REI] [REIPlugin END] Reloading Section: "end-reload/EntrySettingsAdapterRegistryImpl/" done in 21.38 μs
[20:49:17] [main/TRACE] [REI] [REIPlugin END] Reloading Section: "end-reload/RecipeManagerContextImpl/"
[20:49:17] [main/TRACE] [REI] [REIPlugin END] Reloading Section: "end-reload/RecipeManagerContextImpl/" done in 27.80 μs
[20:49:17] [main/TRACE] [REI] [REIPlugin END] Reloading Section: "end-reload/ItemComparatorRegistryImpl/"
[20:49:17] [main/TRACE] [REI] [REIPlugin END] Reloading Section: "end-reload/ItemComparatorRegistryImpl/" done in 36.38 μs
[20:49:17] [main/TRACE] [REI] [REIPlugin END] Reloading Section: "end-reload/FluidComparatorRegistryImpl/"
[20:49:17] [main/TRACE] [REI] [REIPlugin END] Reloading Section: "end-reload/FluidComparatorRegistryImpl/" done in 35.15 μs
[20:49:17] [main/TRACE] [REI] [REIPlugin END] Reloading Section: "end-reload/DisplaySerializerRegistryImpl/"
[20:49:17] [main/TRACE] [REI] [REIPlugin END] Reloading Section: "end-reload/DisplaySerializerRegistryImpl/" done in 34.63 μs
[20:49:17] [main/TRACE] [REI] [REIPlugin END] Reloading Section: "end-reload/FluidSupportProviderImpl/"
[20:49:17] [main/TRACE] [REI] [REIPlugin END] Reloading Section: "end-reload/FluidSupportProviderImpl/" done in 32.00 μs
[20:49:17] [main/TRACE] [REI] [REIPlugin END] Reloading Section: "end-reload/" done in 780.0 μs
[20:49:17] [main/DEBUG] [REI] ========================================
[20:49:17] [main/DEBUG] [REI] REIPlugin ended main-reload for END in 25.49 ms.
[20:49:17] [main/DEBUG] [REI] ========================================
[20:49:17] [main/INFO] [REI] ~~~~~~~~~~~~~~~~~~~~~~~~~~~~~~~~~~~~~~~~
[20:49:17] [main/INFO] [REI] REIServerPlugin starting main-reload for END.
[20:49:17] [main/DEBUG] [REI] Reloadables (2):
[20:49:17] [main/DEBUG] [REI]  - MenuInfoRegistryImpl
[20:49:17] [main/DEBUG] [REI]  - SlotAccessorRegistryImpl
[20:49:17] [main/INFO] [REI] Plugins (4):
[20:49:17] [main/INFO] [REI]  - (-100.00) DefaultPluginImpl of DefaultPluginImpl [roughlyenoughitems]
[20:49:17] [main/INFO] [REI]  - (0.00) BackpackReiCommonPlugin of BackpackReiCommonPlugin [sophisticatedbackpacks]
[20:49:17] [main/INFO] [REI]  - (0.00) CoreReiCommonPlugin of CoreReiCommonPlugin [sophisticatedcore]
[20:49:17] [main/INFO] [REI]  - (0.00) DefaultRuntimePlugin of DefaultRuntimePlugin [roughlyenoughitems]
[20:49:17] [main/INFO] [REI] ~~~~~~~~~~~~~~~~~~~~~~~~~~~~~~~~~~~~~~~~
[20:49:17] [main/TRACE] [REI] [REIServerPlugin END] Reloading Section: "start-reload/"
[20:49:17] [main/TRACE] [REI] [REIServerPlugin END] Reloading Section: "start-reload/MenuInfoRegistryImpl/"
[20:49:17] [main/TRACE] [REI] [REIServerPlugin END] Reloading Section: "start-reload/MenuInfoRegistryImpl/" done in 34.41 μs
[20:49:17] [main/TRACE] [REI] [REIServerPlugin END] Reloading Section: "start-reload/SlotAccessorRegistryImpl/"
[20:49:17] [main/TRACE] [REI] [REIServerPlugin END] Reloading Section: "start-reload/SlotAccessorRegistryImpl/" done in 30.90 μs
[20:49:17] [main/TRACE] [REI] [REIServerPlugin END] Reloading Section: "start-reload/" done in 249.0 μs
[20:49:17] [main/DEBUG] [REI] ========================================
[20:49:17] [main/DEBUG] [REI] REIServerPlugin started main-reload for END.
[20:49:17] [main/DEBUG] [REI] ========================================
[20:49:17] [main/TRACE] [REI] [REIServerPlugin END] Reloading Section: "reloadable-plugin/MenuInfoRegistryImpl/"
[20:49:17] [main/TRACE] [REI] [REIServerPlugin END] Reloading Section: "reloadable-plugin/MenuInfoRegistryImpl/DefaultPluginImpl of DefaultPluginImpl [roughlyenoughitems]/"
[20:49:17] [main/TRACE] [REI] [REIServerPlugin END] Reloading Section: "reloadable-plugin/MenuInfoRegistryImpl/DefaultPluginImpl of DefaultPluginImpl [roughlyenoughitems]/" done in 47.04 μs
[20:49:17] [main/TRACE] [REI] [REIServerPlugin END] Reloading Section: "reloadable-plugin/MenuInfoRegistryImpl/BackpackReiCommonPlugin of BackpackReiCommonPlugin [sophisticatedbackpacks]/"
[20:49:17] [main/TRACE] [REI] [REIServerPlugin END] Reloading Section: "reloadable-plugin/MenuInfoRegistryImpl/BackpackReiCommonPlugin of BackpackReiCommonPlugin [sophisticatedbackpacks]/" done in 26.94 μs
[20:49:17] [main/TRACE] [REI] [REIServerPlugin END] Reloading Section: "reloadable-plugin/MenuInfoRegistryImpl/CoreReiCommonPlugin of CoreReiCommonPlugin [sophisticatedcore]/"
[20:49:17] [main/TRACE] [REI] [REIServerPlugin END] Reloading Section: "reloadable-plugin/MenuInfoRegistryImpl/CoreReiCommonPlugin of CoreReiCommonPlugin [sophisticatedcore]/" done in 28.54 μs
[20:49:17] [main/TRACE] [REI] [REIServerPlugin END] Reloading Section: "reloadable-plugin/MenuInfoRegistryImpl/DefaultRuntimePlugin of DefaultRuntimePlugin [roughlyenoughitems]/"
[20:49:17] [main/TRACE] [REI] [REIServerPlugin END] Reloading Section: "reloadable-plugin/MenuInfoRegistryImpl/DefaultRuntimePlugin of DefaultRuntimePlugin [roughlyenoughitems]/" done in 49.04 μs
[20:49:17] [main/TRACE] [REI] [REIServerPlugin END] Reloading Section: "reloadable-plugin/MenuInfoRegistryImpl/" done in 458.4 μs
[20:49:17] [main/TRACE] [REI] [REIServerPlugin END] Reloading Section: "reloadable-plugin/SlotAccessorRegistryImpl/"
[20:49:17] [main/TRACE] [REI] [REIServerPlugin END] Reloading Section: "reloadable-plugin/SlotAccessorRegistryImpl/DefaultPluginImpl of DefaultPluginImpl [roughlyenoughitems]/"
[20:49:17] [main/TRACE] [REI] [REIServerPlugin END] Reloading Section: "reloadable-plugin/SlotAccessorRegistryImpl/DefaultPluginImpl of DefaultPluginImpl [roughlyenoughitems]/" done in 46.38 μs
[20:49:17] [main/TRACE] [REI] [REIServerPlugin END] Reloading Section: "reloadable-plugin/SlotAccessorRegistryImpl/BackpackReiCommonPlugin of BackpackReiCommonPlugin [sophisticatedbackpacks]/"
[20:49:17] [main/TRACE] [REI] [REIServerPlugin END] Reloading Section: "reloadable-plugin/SlotAccessorRegistryImpl/BackpackReiCommonPlugin of BackpackReiCommonPlugin [sophisticatedbackpacks]/" done in 38.63 μs
[20:49:17] [main/TRACE] [REI] [REIServerPlugin END] Reloading Section: "reloadable-plugin/SlotAccessorRegistryImpl/CoreReiCommonPlugin of CoreReiCommonPlugin [sophisticatedcore]/"
[20:49:17] [main/DEBUG] [REI] Added slot accessor serializer: net.p3pp3rf1y.sophisticatedcore.compat.recipeviewers.rei.CoreReiCommonPlugin$1@79811522 [sophisticatedcore:storage]
[20:49:17] [main/TRACE] [REI] [REIServerPlugin END] Reloading Section: "reloadable-plugin/SlotAccessorRegistryImpl/CoreReiCommonPlugin of CoreReiCommonPlugin [sophisticatedcore]/" done in 1.028 ms
[20:49:17] [main/TRACE] [REI] [REIServerPlugin END] Reloading Section: "reloadable-plugin/SlotAccessorRegistryImpl/DefaultRuntimePlugin of DefaultRuntimePlugin [roughlyenoughitems]/"
[20:49:17] [main/DEBUG] [REI] Added slot accessor serializer: me.shedaniel.rei.plugin.common.runtime.DefaultRuntimePlugin$1@d9f667a [roughlyenoughitems:vanilla]
[20:49:17] [main/DEBUG] [REI] Added slot accessor serializer: me.shedaniel.rei.plugin.common.runtime.DefaultRuntimePlugin$2@18db436a [roughlyenoughitems:player]
[20:49:17] [main/TRACE] [REI] [REIServerPlugin END] Reloading Section: "reloadable-plugin/SlotAccessorRegistryImpl/DefaultRuntimePlugin of DefaultRuntimePlugin [roughlyenoughitems]/" done in 855.0 μs
[20:49:17] [main/TRACE] [REI] [REIServerPlugin END] Reloading Section: "reloadable-plugin/SlotAccessorRegistryImpl/" done in 2.354 ms
[20:49:17] [main/DEBUG] [REI] ========================================
[20:49:17] [main/DEBUG] [REI] REIServerPlugin ending main-reload for END.
[20:49:17] [main/DEBUG] [REI] ========================================
[20:49:17] [main/TRACE] [REI] [REIServerPlugin END] Reloading Section: "end-reload/"
[20:49:17] [main/TRACE] [REI] [REIServerPlugin END] Reloading Section: "end-reload/MenuInfoRegistryImpl/"
[20:49:17] [main/DEBUG] [REI] Registered 0 menu infos
[20:49:17] [main/TRACE] [REI] [REIServerPlugin END] Reloading Section: "end-reload/MenuInfoRegistryImpl/" done in 127.1 μs
[20:49:17] [main/TRACE] [REI] [REIServerPlugin END] Reloading Section: "end-reload/SlotAccessorRegistryImpl/"
[20:49:17] [main/DEBUG] [REI] Registered 3 slot accessor serializers
[20:49:17] [main/TRACE] [REI] [REIServerPlugin END] Reloading Section: "end-reload/SlotAccessorRegistryImpl/" done in 115.0 μs
[20:49:17] [main/TRACE] [REI] [REIServerPlugin END] Reloading Section: "end-reload/" done in 447.5 μs
[20:49:17] [main/DEBUG] [REI] ========================================
[20:49:17] [main/DEBUG] [REI] REIServerPlugin ended main-reload for END in 5.228 ms.
[20:49:17] [main/DEBUG] [REI] ========================================
[20:49:17] [main/DEBUG] [REI] ========================================
[20:49:17] [main/DEBUG] [REI] REIPlugin starting post-reload for END.
[20:49:17] [main/DEBUG] [REI] Reloadables (7):
[20:49:17] [main/DEBUG] [REI]  - EntryTypeRegistryImpl
[20:49:17] [main/DEBUG] [REI]  - EntrySettingsAdapterRegistryImpl
[20:49:17] [main/DEBUG] [REI]  - RecipeManagerContextImpl
[20:49:17] [main/DEBUG] [REI]  - ItemComparatorRegistryImpl
[20:49:17] [main/DEBUG] [REI]  - FluidComparatorRegistryImpl
[20:49:17] [main/DEBUG] [REI]  - DisplaySerializerRegistryImpl
[20:49:17] [main/DEBUG] [REI]  - FluidSupportProviderImpl
[20:49:17] [main/DEBUG] [REI] Plugins (4):
[20:49:17] [main/DEBUG] [REI]  - (-100.00) DefaultPluginImpl of DefaultPluginImpl [roughlyenoughitems]
[20:49:17] [main/DEBUG] [REI]  - (0.00) DefaultRuntimePlugin of DefaultRuntimePlugin [roughlyenoughitems]
[20:49:17] [main/DEBUG] [REI]  - (0.00) BackpackReiCommonPlugin of BackpackReiCommonPlugin [sophisticatedbackpacks]
[20:49:17] [main/DEBUG] [REI]  - (0.00) CoreReiCommonPlugin of CoreReiCommonPlugin [sophisticatedcore]
[20:49:17] [main/DEBUG] [REI] ========================================
[20:49:17] [main/TRACE] [REI] [REIPlugin END] Reloading Section: "post-register/"
[20:49:17] [main/TRACE] [REI] [REIPlugin END] Reloading Section: "post-register/DefaultPluginImpl of DefaultPluginImpl [roughlyenoughitems]/"
[20:49:17] [main/TRACE] [REI] [REIPlugin END] Reloading Section: "post-register/DefaultPluginImpl of DefaultPluginImpl [roughlyenoughitems]/" done in 26.25 μs
[20:49:17] [main/TRACE] [REI] [REIPlugin END] Reloading Section: "post-register/DefaultRuntimePlugin of DefaultRuntimePlugin [roughlyenoughitems]/"
[20:49:17] [main/TRACE] [REI] [REIPlugin END] Reloading Section: "post-register/DefaultRuntimePlugin of DefaultRuntimePlugin [roughlyenoughitems]/" done in 22.87 μs
[20:49:17] [main/TRACE] [REI] [REIPlugin END] Reloading Section: "post-register/BackpackReiCommonPlugin of BackpackReiCommonPlugin [sophisticatedbackpacks]/"
[20:49:17] [main/TRACE] [REI] [REIPlugin END] Reloading Section: "post-register/BackpackReiCommonPlugin of BackpackReiCommonPlugin [sophisticatedbackpacks]/" done in 21.88 μs
[20:49:17] [main/TRACE] [REI] [REIPlugin END] Reloading Section: "post-register/CoreReiCommonPlugin of CoreReiCommonPlugin [sophisticatedcore]/"
[20:49:17] [main/TRACE] [REI] [REIPlugin END] Reloading Section: "post-register/CoreReiCommonPlugin of CoreReiCommonPlugin [sophisticatedcore]/" done in 46.75 μs
[20:49:17] [main/TRACE] [REI] [REIPlugin END] Reloading Section: "post-register/" done in 382.9 μs
[20:49:17] [main/TRACE] [REI] [REIPlugin END] Reloading Section: "post-stage/"
[20:49:17] [main/TRACE] [REI] [REIPlugin END] Reloading Section: "post-stage/EntryTypeRegistryImpl/"
[20:49:17] [main/TRACE] [REI] [REIPlugin END] Reloading Section: "post-stage/EntryTypeRegistryImpl/" done in 19.31 μs
[20:49:17] [main/TRACE] [REI] [REIPlugin END] Reloading Section: "post-stage/EntrySettingsAdapterRegistryImpl/"
[20:49:17] [main/TRACE] [REI] [REIPlugin END] Reloading Section: "post-stage/EntrySettingsAdapterRegistryImpl/" done in 19.39 μs
[20:49:17] [main/TRACE] [REI] [REIPlugin END] Reloading Section: "post-stage/RecipeManagerContextImpl/"
[20:49:17] [main/TRACE] [REI] [REIPlugin END] Reloading Section: "post-stage/RecipeManagerContextImpl/" done in 27.88 μs
[20:49:17] [main/TRACE] [REI] [REIPlugin END] Reloading Section: "post-stage/ItemComparatorRegistryImpl/"
[20:49:17] [main/TRACE] [REI] [REIPlugin END] Reloading Section: "post-stage/ItemComparatorRegistryImpl/" done in 21.03 μs
[20:49:17] [main/TRACE] [REI] [REIPlugin END] Reloading Section: "post-stage/FluidComparatorRegistryImpl/"
[20:49:17] [main/TRACE] [REI] [REIPlugin END] Reloading Section: "post-stage/FluidComparatorRegistryImpl/" done in 19.63 μs
[20:49:17] [main/TRACE] [REI] [REIPlugin END] Reloading Section: "post-stage/DisplaySerializerRegistryImpl/"
[20:49:17] [main/TRACE] [REI] [REIPlugin END] Reloading Section: "post-stage/DisplaySerializerRegistryImpl/" done in 36.85 μs
[20:49:17] [main/TRACE] [REI] [REIPlugin END] Reloading Section: "post-stage/FluidSupportProviderImpl/"
[20:49:17] [main/TRACE] [REI] [REIPlugin END] Reloading Section: "post-stage/FluidSupportProviderImpl/" done in 32.90 μs
[20:49:17] [main/TRACE] [REI] [REIPlugin END] Reloading Section: "post-stage/" done in 597.5 μs
[20:49:17] [main/DEBUG] [REI] ========================================
[20:49:17] [main/INFO] [REI] REIPlugin finished post-reload for END in 1.105 ms, totaling 28.43 ms.
[20:49:17] [main/DEBUG] [REI] ========================================
[20:49:17] [main/DEBUG] [REI] ========================================
[20:49:17] [main/DEBUG] [REI] REIServerPlugin starting post-reload for END.
[20:49:17] [main/DEBUG] [REI] Reloadables (2):
[20:49:17] [main/DEBUG] [REI]  - MenuInfoRegistryImpl
[20:49:17] [main/DEBUG] [REI]  - SlotAccessorRegistryImpl
[20:49:17] [main/DEBUG] [REI] Plugins (4):
[20:49:17] [main/DEBUG] [REI]  - (-100.00) DefaultPluginImpl of DefaultPluginImpl [roughlyenoughitems]
[20:49:17] [main/DEBUG] [REI]  - (0.00) BackpackReiCommonPlugin of BackpackReiCommonPlugin [sophisticatedbackpacks]
[20:49:17] [main/DEBUG] [REI]  - (0.00) CoreReiCommonPlugin of CoreReiCommonPlugin [sophisticatedcore]
[20:49:17] [main/DEBUG] [REI]  - (0.00) DefaultRuntimePlugin of DefaultRuntimePlugin [roughlyenoughitems]
[20:49:17] [main/DEBUG] [REI] ========================================
[20:49:17] [main/TRACE] [REI] [REIServerPlugin END] Reloading Section: "post-register/"
[20:49:17] [main/TRACE] [REI] [REIServerPlugin END] Reloading Section: "post-register/DefaultPluginImpl of DefaultPluginImpl [roughlyenoughitems]/"
[20:49:17] [main/TRACE] [REI] [REIServerPlugin END] Reloading Section: "post-register/DefaultPluginImpl of DefaultPluginImpl [roughlyenoughitems]/" done in 42.34 μs
[20:49:17] [main/TRACE] [REI] [REIServerPlugin END] Reloading Section: "post-register/BackpackReiCommonPlugin of BackpackReiCommonPlugin [sophisticatedbackpacks]/"
[20:49:17] [main/TRACE] [REI] [REIServerPlugin END] Reloading Section: "post-register/BackpackReiCommonPlugin of BackpackReiCommonPlugin [sophisticatedbackpacks]/" done in 41.54 μs
[20:49:17] [main/TRACE] [REI] [REIServerPlugin END] Reloading Section: "post-register/CoreReiCommonPlugin of CoreReiCommonPlugin [sophisticatedcore]/"
[20:49:17] [main/TRACE] [REI] [REIServerPlugin END] Reloading Section: "post-register/CoreReiCommonPlugin of CoreReiCommonPlugin [sophisticatedcore]/" done in 37.37 μs
[20:49:17] [main/TRACE] [REI] [REIServerPlugin END] Reloading Section: "post-register/DefaultRuntimePlugin of DefaultRuntimePlugin [roughlyenoughitems]/"
[20:49:17] [main/TRACE] [REI] [REIServerPlugin END] Reloading Section: "post-register/DefaultRuntimePlugin of DefaultRuntimePlugin [roughlyenoughitems]/" done in 37.05 μs
[20:49:17] [main/TRACE] [REI] [REIServerPlugin END] Reloading Section: "post-register/" done in 523.5 μs
[20:49:17] [main/TRACE] [REI] [REIServerPlugin END] Reloading Section: "post-stage/"
[20:49:17] [main/TRACE] [REI] [REIServerPlugin END] Reloading Section: "post-stage/MenuInfoRegistryImpl/"
[20:49:17] [main/TRACE] [REI] [REIServerPlugin END] Reloading Section: "post-stage/MenuInfoRegistryImpl/" done in 35.53 μs
[20:49:17] [main/TRACE] [REI] [REIServerPlugin END] Reloading Section: "post-stage/SlotAccessorRegistryImpl/"
[20:49:17] [main/TRACE] [REI] [REIServerPlugin END] Reloading Section: "post-stage/SlotAccessorRegistryImpl/" done in 34.65 μs
[20:49:17] [main/TRACE] [REI] [REIServerPlugin END] Reloading Section: "post-stage/" done in 272.6 μs
[20:49:17] [main/DEBUG] [REI] ========================================
[20:49:17] [main/INFO] [REI] REIServerPlugin finished post-reload for END in 926.9 μs, totaling 7.172 ms.
[20:49:17] [main/DEBUG] [REI] ========================================
